Log file open, 12/05/17 22:32:28
LogWindows: Failed to load 'aqProf.dll' (GetLastError=126)
LogWindows: File 'aqProf.dll' does not exist
LogWindows: Failed to load 'VSPerf140.dll' (GetLastError=126)
LogWindows: File 'VSPerf140.dll' does not exist
LogWindows: Failed to load 'VtuneApi.dll' (GetLastError=126)
LogWindows: File 'VtuneApi.dll' does not exist
LogWindows: Failed to load 'VtuneApi32e.dll' (GetLastError=126)
LogWindows: File 'VtuneApi32e.dll' does not exist
LogInit: Display: Running engine for game: FF_AI_Collision_Boom
LogPlatformFile: Not using cached read wrapper
LogInit: Display: RandInit(1143556153) SRandInit(1143556153).
LogInit: Read version file with build ID '3709383'
LogInit: Overriding engine version to CL 3754814, compatible CL 3709383
LogInit: Registered custom module enumerator with build ID '3709383'
LogTaskGraph: Started task graph with 5 named threads and 14 total threads with 3 sets of task threads.
LogStats: Stats thread started at 0.168560
LogD3D11RHI: Aftermath initialized
LogModuleManager: Display: Found up-to-date module file ../../../Engine/Plugins/2D/Paper2D/Binaries/Win64/UE4Editor-Paper2D.dll (API version 3709383).
LogModuleManager: Display: Found up-to-date module file ../../../Engine/Plugins/2D/Paper2D/Binaries/Win64/UE4Editor-Paper2DEditor.dll (API version 3709383).
LogModuleManager: Display: Found up-to-date module file ../../../Engine/Plugins/2D/Paper2D/Binaries/Win64/UE4Editor-PaperSpriteSheetImporter.dll (API version 3709383).
LogModuleManager: Display: Found up-to-date module file ../../../Engine/Plugins/2D/Paper2D/Binaries/Win64/UE4Editor-PaperTiledImporter.dll (API version 3709383).
LogModuleManager: Display: Found up-to-date module file ../../../Engine/Plugins/2D/Paper2D/Binaries/Win64/UE4Editor-SmartSnapping.dll (API version 3709383).
LogModuleManager: Display: Found up-to-date module file ../../../Engine/Plugins/Blendables/LightPropagationVolume/Binaries/Win64/UE4Editor-LightPropagationVolumeRuntime.dll (API version 3709383).
LogModuleManager: Display: Found up-to-date module file ../../../Engine/Plugins/Blendables/LightPropagationVolume/Binaries/Win64/UE4Editor-LightPropagationVolumeEditor.dll (API version 3709383).
LogModuleManager: Display: Found up-to-date module file ../../../Engine/Plugins/Developer/GitSourceControl/Binaries/Win64/UE4Editor-GitSourceControl.dll (API version 3709383).
LogModuleManager: Display: Found up-to-date module file ../../../Engine/Plugins/Developer/PerforceSourceControl/Binaries/Win64/UE4Editor-PerforceSourceControl.dll (API version 3709383).
LogModuleManager: Display: Found up-to-date module file ../../../Engine/Plugins/Developer/SubversionSourceControl/Binaries/Win64/UE4Editor-SubversionSourceControl.dll (API version 3709383).
LogModuleManager: Display: Found up-to-date module file ../../../Engine/Plugins/Developer/UObjectPlugin/Binaries/Win64/UE4Editor-UObjectPlugin.dll (API version 3709383).
LogModuleManager: Display: Found up-to-date module file ../../../Engine/Plugins/Developer/VisualStudioCodeSourceCodeAccess/Binaries/Win64/UE4Editor-VisualStudioCodeSourceCodeAccess.dll (API version 3709383).
LogModuleManager: Display: Found up-to-date module file ../../../Engine/Plugins/Developer/VisualStudioSourceCodeAccess/Binaries/Win64/UE4Editor-VisualStudioSourceCodeAccess.dll (API version 3709383).
LogModuleManager: Display: Found up-to-date module file ../../../Engine/Plugins/Editor/AssetManagerEditor/Binaries/Win64/UE4Editor-AssetManagerEditor.dll (API version 3709383).
LogModuleManager: Display: Found up-to-date module file ../../../Engine/Plugins/Editor/AudioCapture/Binaries/Win64/UE4Editor-AudioCapture.dll (API version 3709383).
LogModuleManager: Display: Found up-to-date module file ../../../Engine/Plugins/Editor/FacialAnimation/Binaries/Win64/UE4Editor-FacialAnimation.dll (API version 3709383).
LogModuleManager: Display: Found up-to-date module file ../../../Engine/Plugins/Editor/FacialAnimation/Binaries/Win64/UE4Editor-FacialAnimationEditor.dll (API version 3709383).
LogModuleManager: Display: Found up-to-date module file ../../../Engine/Plugins/Editor/GameplayTagsEditor/Binaries/Win64/UE4Editor-GameplayTagsEditor.dll (API version 3709383).
LogModuleManager: Display: Found up-to-date module file ../../../Engine/Plugins/Editor/MobileLauncherProfileWizard/Binaries/Win64/UE4Editor-MobileLauncherProfileWizard.dll (API version 3709383).
LogModuleManager: Display: Found up-to-date module file ../../../Engine/Plugins/Editor/PluginBrowser/Binaries/Win64/UE4Editor-PluginBrowser.dll (API version 3709383).
LogModuleManager: Display: Found up-to-date module file ../../../Engine/Plugins/Editor/SpeedTreeImporter/Binaries/Win64/UE4Editor-SpeedTreeImporter.dll (API version 3709383).
LogModuleManager: Display: Found up-to-date module file ../../../Engine/Plugins/Experimental/AlembicImporter/Binaries/Win64/UE4Editor-AlembicImporter.dll (API version 3709383).
LogModuleManager: Display: Found up-to-date module file ../../../Engine/Plugins/Experimental/AlembicImporter/Binaries/Win64/UE4Editor-AlembicLibrary.dll (API version 3709383).
LogModuleManager: Display: Found up-to-date module file ../../../Engine/Plugins/Experimental/CharacterAI/Binaries/Win64/UE4Editor-CharacterAI.dll (API version 3709383).
LogModuleManager: Display: Found up-to-date module file ../../../Engine/Plugins/Experimental/HTML5Networking/Binaries/Win64/UE4Editor-HTML5Networking.dll (API version 3709383).
LogModuleManager: Display: Found up-to-date module file ../../../Engine/Plugins/Media/AndroidMedia/Binaries/Win64/UE4Editor-AndroidMediaEditor.dll (API version 3709383).
LogModuleManager: Display: Found up-to-date module file ../../../Engine/Plugins/Media/AndroidMedia/Binaries/Win64/UE4Editor-AndroidMediaFactory.dll (API version 3709383).
LogModuleManager: Display: Found up-to-date module file ../../../Engine/Plugins/Media/AvfMedia/Binaries/Win64/UE4Editor-AvfMediaEditor.dll (API version 3709383).
LogModuleManager: Display: Found up-to-date module file ../../../Engine/Plugins/Media/AvfMedia/Binaries/Win64/UE4Editor-AvfMediaFactory.dll (API version 3709383).
LogModuleManager: Display: Found up-to-date module file ../../../Engine/Plugins/Media/AvfMedia/Binaries/Win64/UE4Editor-AvfMediaFactory.dll (API version 3709383).
LogModuleManager: Display: Found up-to-date module file ../../../Engine/Plugins/Media/ImgMedia/Binaries/Win64/UE4Editor-ImgMedia.dll (API version 3709383).
LogModuleManager: Display: Found up-to-date module file ../../../Engine/Plugins/Media/ImgMedia/Binaries/Win64/UE4Editor-ImgMediaEditor.dll (API version 3709383).
LogModuleManager: Display: Found up-to-date module file ../../../Engine/Plugins/Media/ImgMedia/Binaries/Win64/UE4Editor-ImgMediaFactory.dll (API version 3709383).
LogModuleManager: Display: Found up-to-date module file ../../../Engine/Plugins/Media/ImgMedia/Binaries/Win64/UE4Editor-ImgMediaFactory.dll (API version 3709383).
LogModuleManager: Display: Found up-to-date module file ../../../Engine/Plugins/Media/ImgMedia/Binaries/Win64/UE4Editor-OpenExrWrapper.dll (API version 3709383).
LogModuleManager: Display: Found up-to-date module file ../../../Engine/Plugins/Media/MediaCompositing/Binaries/Win64/UE4Editor-MediaCompositing.dll (API version 3709383).
LogModuleManager: Display: Found up-to-date module file ../../../Engine/Plugins/Media/MediaCompositing/Binaries/Win64/UE4Editor-MediaCompositingEditor.dll (API version 3709383).
LogModuleManager: Display: Found up-to-date module file ../../../Engine/Plugins/Media/MediaPlayerEditor/Binaries/Win64/UE4Editor-MediaPlayerEditor.dll (API version 3709383).
LogModuleManager: Display: Found up-to-date module file ../../../Engine/Plugins/Media/WmfMedia/Binaries/Win64/UE4Editor-WmfMedia.dll (API version 3709383).
LogModuleManager: Display: Found up-to-date module file ../../../Engine/Plugins/Media/WmfMedia/Binaries/Win64/UE4Editor-WmfMediaEditor.dll (API version 3709383).
LogModuleManager: Display: Found up-to-date module file ../../../Engine/Plugins/Media/WmfMedia/Binaries/Win64/UE4Editor-WmfMediaFactory.dll (API version 3709383).
LogModuleManager: Display: Found up-to-date module file ../../../Engine/Plugins/Media/WmfMedia/Binaries/Win64/UE4Editor-WmfMediaFactory.dll (API version 3709383).
LogModuleManager: Display: Found up-to-date module file ../../../Engine/Plugins/Messaging/TcpMessaging/Binaries/Win64/UE4Editor-TcpMessaging.dll (API version 3709383).
LogModuleManager: Display: Found up-to-date module file ../../../Engine/Plugins/Messaging/UdpMessaging/Binaries/Win64/UE4Editor-UdpMessaging.dll (API version 3709383).
LogModuleManager: Display: Found up-to-date module file ../../../Engine/Plugins/MovieScene/ActorSequence/Binaries/Win64/UE4Editor-ActorSequence.dll (API version 3709383).
LogModuleManager: Display: Found up-to-date module file ../../../Engine/Plugins/MovieScene/LevelSequenceEditor/Binaries/Win64/UE4Editor-LevelSequenceEditor.dll (API version 3709383).
LogModuleManager: Display: Found up-to-date module file ../../../Engine/Plugins/MovieScene/MatineeToLevelSequence/Binaries/Win64/UE4Editor-MatineeToLevelSequence.dll (API version 3709383).
LogModuleManager: Display: Found up-to-date module file ../../../Engine/Plugins/Online/OnlineSubsystem/Binaries/Win64/UE4Editor-OnlineSubsystem.dll (API version 3709383).
LogModuleManager: Display: Found up-to-date module file ../../../Engine/Plugins/Runtime/AndroidPermission/Binaries/Win64/UE4Editor-AndroidPermission.dll (API version 3709383).
LogModuleManager: Display: Found up-to-date module file ../../../Engine/Plugins/Online/OnlineSubsystemNull/Binaries/Win64/UE4Editor-OnlineSubsystemNull.dll (API version 3709383).
LogModuleManager: Display: Found up-to-date module file ../../../Engine/Plugins/Online/OnlineSubsystemUtils/Binaries/Win64/UE4Editor-OnlineSubsystemUtils.dll (API version 3709383).
LogModuleManager: Display: Found up-to-date module file ../../../Engine/Plugins/Online/OnlineSubsystemUtils/Binaries/Win64/UE4Editor-OnlineBlueprintSupport.dll (API version 3709383).
LogModuleManager: Display: Found up-to-date module file ../../../Engine/Plugins/Runtime/AndroidDeviceProfileSelector/Binaries/Win64/UE4Editor-AndroidDeviceProfileSelector.dll (API version 3709383).
LogModuleManager: Display: Found up-to-date module file ../../../Engine/Plugins/Runtime/AppleARKit/Binaries/Win64/UE4Editor-AppleARKit.dll (API version 3709383).
LogModuleManager: Display: Found up-to-date module file ../../../Engine/Plugins/Runtime/ArchVisCharacter/Binaries/Win64/UE4Editor-ArchVisCharacter.dll (API version 3709383).
LogModuleManager: Display: Found up-to-date module file ../../../Engine/Plugins/Runtime/CableComponent/Binaries/Win64/UE4Editor-CableComponent.dll (API version 3709383).
LogModuleManager: Display: Found up-to-date module file ../../../Engine/Plugins/Runtime/CustomMeshComponent/Binaries/Win64/UE4Editor-CustomMeshComponent.dll (API version 3709383).
LogModuleManager: Display: Found up-to-date module file ../../../Engine/Plugins/Runtime/ExampleDeviceProfileSelector/Binaries/Win64/UE4Editor-ExampleDeviceProfileSelector.dll (API version 3709383).
LogModuleManager: Display: Found up-to-date module file ../../../Engine/Plugins/Runtime/ImmediatePhysics/Binaries/Win64/UE4Editor-ImmediatePhysics.dll (API version 3709383).
LogModuleManager: Display: Found up-to-date module file ../../../Engine/Plugins/Runtime/ImmediatePhysics/Binaries/Win64/UE4Editor-ImmediatePhysicsEditor.dll (API version 3709383).
LogModuleManager: Display: Found up-to-date module file ../../../Engine/Plugins/Runtime/LocationServicesBPLibrary/Binaries/Win64/UE4Editor-LocationServicesBPLibrary.dll (API version 3709383).
LogModuleManager: Display: Found up-to-date module file ../../../Engine/Plugins/Runtime/MobilePatchingUtils/Binaries/Win64/UE4Editor-MobilePatchingUtils.dll (API version 3709383).
LogModuleManager: Display: Found up-to-date module file ../../../Engine/Plugins/Runtime/Oculus/OculusVR/Binaries/Win64/UE4Editor-OculusHMD.dll (API version 3709383).
LogModuleManager: Display: Found up-to-date module file ../../../Engine/Plugins/Runtime/Oculus/OculusVR/Binaries/Win64/UE4Editor-OculusInput.dll (API version 3709383).
LogModuleManager: Display: Found up-to-date module file ../../../Engine/Plugins/Runtime/Oculus/OculusVR/Binaries/Win64/UE4Editor-OculusEditor.dll (API version 3709383).
LogModuleManager: Display: Found up-to-date module file ../../../Engine/Plugins/Runtime/PhysXVehicles/Binaries/Win64/UE4Editor-PhysXVehicles.dll (API version 3709383).
LogModuleManager: Display: Found up-to-date module file ../../../Engine/Plugins/Runtime/PhysXVehicles/Binaries/Win64/UE4Editor-PhysXVehiclesEditor.dll (API version 3709383).
LogModuleManager: Display: Found up-to-date module file ../../../Engine/Plugins/Runtime/ProceduralMeshComponent/Binaries/Win64/UE4Editor-ProceduralMeshComponent.dll (API version 3709383).
LogModuleManager: Display: Found up-to-date module file ../../../Engine/Plugins/Runtime/ProceduralMeshComponent/Binaries/Win64/UE4Editor-ProceduralMeshComponentEditor.dll (API version 3709383).
LogModuleManager: Display: Found up-to-date module file ../../../Engine/Plugins/Runtime/RuntimePhysXCooking/Binaries/Win64/UE4Editor-RuntimePhysXCooking.dll (API version 3709383).
LogModuleManager: Display: Found up-to-date module file ../../../Engine/Plugins/Runtime/Steam/SteamVR/Binaries/Win64/UE4Editor-SteamVR.dll (API version 3709383).
LogModuleManager: Display: Found up-to-date module file ../../../Engine/Plugins/Runtime/Steam/SteamVR/Binaries/Win64/UE4Editor-SteamVRController.dll (API version 3709383).
LogModuleManager: Display: Found up-to-date module file ../../../Engine/Plugins/Runtime/WindowsMoviePlayer/Binaries/Win64/UE4Editor-WindowsMoviePlayer.dll (API version 3709383).
LogPluginManager: Mounting plugin Paper2D
LogPluginManager: Mounting plugin LightPropagationVolume
LogPluginManager: Mounting plugin CodeLiteSourceCodeAccess
LogPluginManager: Mounting plugin GitSourceControl
LogPluginManager: Mounting plugin KDevelopSourceCodeAccess
LogPluginManager: Mounting plugin NullSourceCodeAccess
LogPluginManager: Mounting plugin PerforceSourceControl
LogPluginManager: Mounting plugin SubversionSourceControl
LogPluginManager: Mounting plugin UObjectPlugin
LogPluginManager: Mounting plugin VisualStudioCodeSourceCodeAccess
LogPluginManager: Mounting plugin VisualStudioSourceCodeAccess
LogPluginManager: Mounting plugin XCodeSourceCodeAccess
LogPluginManager: Mounting plugin AssetManagerEditor
LogPluginManager: Mounting plugin AudioCapture
LogPluginManager: Mounting plugin FacialAnimation
LogPluginManager: Mounting plugin GameplayTagsEditor
LogPluginManager: Mounting plugin MobileLauncherProfileWizard
LogPluginManager: Mounting plugin PluginBrowser
LogPluginManager: Mounting plugin SpeedTreeImporter
LogPluginManager: Mounting plugin AlembicImporter
LogPluginManager: Mounting plugin CharacterAI
LogPluginManager: Mounting plugin HTML5Networking
LogPluginManager: Mounting plugin AndroidMedia
LogPluginManager: Mounting plugin AvfMedia
LogPluginManager: Mounting plugin ImgMedia
LogPluginManager: Mounting plugin MediaCompositing
LogPluginManager: Mounting plugin MediaPlayerEditor
LogPluginManager: Mounting plugin WmfMedia
LogPluginManager: Mounting plugin TcpMessaging
LogPluginManager: Mounting plugin UdpMessaging
LogPluginManager: Mounting plugin ActorSequence
LogPluginManager: Mounting plugin LevelSequenceEditor
LogPluginManager: Mounting plugin MatineeToLevelSequence
LogPluginManager: Mounting plugin OnlineSubsystemGooglePlay
LogPluginManager: Mounting plugin OnlineSubsystemIOS
LogPluginManager: Mounting plugin OnlineSubsystem
LogPluginManager: Mounting plugin OnlineSubsystemNull
LogPluginManager: Mounting plugin OnlineSubsystemUtils
LogPluginManager: Mounting plugin AndroidDeviceProfileSelector
LogPluginManager: Mounting plugin AndroidMoviePlayer
LogPluginManager: Mounting plugin AndroidPermission
LogPluginManager: Mounting plugin AppleARKit
LogPluginManager: Mounting plugin AppleMoviePlayer
LogPluginManager: Mounting plugin ArchVisCharacter
LogPluginManager: Mounting plugin CableComponent
LogPluginManager: Mounting plugin CustomMeshComponent
LogPluginManager: Mounting plugin ExampleDeviceProfileSelector
LogPluginManager: Mounting plugin GoogleCloudMessaging
LogPluginManager: Mounting plugin ImmediatePhysics
LogPluginManager: Mounting plugin IOSDeviceProfileSelector
LogPluginManager: Mounting plugin LinuxDeviceProfileSelector
LogPluginManager: Mounting plugin LocationServicesBPLibrary
LogPluginManager: Mounting plugin MobilePatchingUtils
LogPluginManager: Mounting plugin OculusVR
LogPluginManager: Plugin shader directory ../../../Engine/Plugins/Runtime/Oculus/OculusVR/Shaders found
LogPluginManager: Mapping shader source directory ../../../Engine/Plugins/Runtime/Oculus/OculusVR/Shaders to virtual directory /Plugin/OculusVR
LogPluginManager: Mounting plugin PhysXVehicles
LogPluginManager: Mounting plugin ProceduralMeshComponent
LogPluginManager: Mounting plugin RuntimePhysXCooking
LogPluginManager: Mounting plugin SteamVR
LogPluginManager: Mounting plugin WindowsMoviePlayer
LogInit: Using libcurl 7.47.1
LogInit:  - built for x86_64-pc-win32
LogInit:  - supports SSL with OpenSSL/1.0.2g
LogInit:  - supports HTTP deflate (compression) using libz 1.2.8
LogInit:  - other features:
LogInit:      CURL_VERSION_SSL
LogInit:      CURL_VERSION_LIBZ
LogInit:      CURL_VERSION_IPV6
LogInit:      CURL_VERSION_ASYNCHDNS
LogInit:      CURL_VERSION_LARGEFILE
LogInit:      CURL_VERSION_IDN
LogInit:  CurlRequestOptions (configurable via config and command line):
LogInit:  - bVerifyPeer = false  - Libcurl will NOT verify peer certificate
LogInit:  - bUseHttpProxy = false  - Libcurl will NOT use HTTP proxy
LogInit:  - bDontReuseConnections = false  - Libcurl will reuse connections
LogInit:  - CertBundlePath = nullptr  - Libcurl will use whatever was configured at build time.
LogInit: Build: ++UE4+Release-4.18-CL-3754814
LogInit: Engine Version: 4.18.1-3754814+++UE4+Release-4.18
LogInit: Compatible Engine Version: 4.18.0-3709383+++UE4+Release-4.18
LogInit: Net CL: 3709383
LogDevObjectVersion: Number of dev versions registered: 16
LogDevObjectVersion:   Dev-Blueprints (B0D832E4-1F89-4F0D-ACCF-7EB736FD4AA2): 10
LogDevObjectVersion:   Dev-Build (E1C64328-A22C-4D53-A36C-8E866417BD8C): 0
LogDevObjectVersion:   Dev-Core (375EC13C-06E4-48FB-B500-84F0262A717E): 2
LogDevObjectVersion:   Dev-Editor (E4B068ED-F494-42E9-A231-DA0B2E46BB41): 20
LogDevObjectVersion:   Dev-Framework (CFFC743F-43B0-4480-9391-14DF171D2073): 30
LogDevObjectVersion:   Dev-Mobile (B02B49B5-BB20-44E9-A304-32B752E40360): 0
LogDevObjectVersion:   Dev-Networking (A4E4105C-59A1-49B5-A7C5-40C4547EDFEE): 0
LogDevObjectVersion:   Dev-Online (39C831C9-5AE6-47DC-9A44-9C173E1C8E7C): 0
LogDevObjectVersion:   Dev-Physics (78F01B33-EBEA-4F98-B9B4-84EACCB95AA2): 0
LogDevObjectVersion:   Dev-Platform (6631380F-2D4D-43E0-8009-CF276956A95A): 0
LogDevObjectVersion:   Dev-Rendering (12F88B9F-8875-4AFC-A67C-D90C383ABD29): 20
LogDevObjectVersion:   Dev-Sequencer (7B5AE74C-D270-4C10-A958-57980B212A5A): 4
LogDevObjectVersion:   Dev-VR (D7296918-1DD6-4BDD-9DE2-64A83CC13884): 0
LogDevObjectVersion:   Dev-LoadTimes (C2A15278-BFE7-4AFE-6C17-90FF531DF755): 1
LogDevObjectVersion:   Private-Geometry (6EACA3D4-40EC-4CC1-B786-8BED09428FC5): 1
LogDevObjectVersion:   Dev-AnimPhys (29E575DD-E0A3-4627-9D10-D276232CDCEA): 12
LogInit: Compiled (64-bit): Nov 14 2017 02:05:55
LogInit: Compiled with Visual C++: 19.00.24215.01
LogInit: Build Configuration: Development
LogInit: Branch Name: ++UE4+Release-4.18
LogInit: Command line: 
LogInit: Base directory: C:/Program Files/Epic Games/UE_4.18/Engine/Binaries/Win64/
LogInit: Installed Engine Build: 1
LogInit: Presizing for max 8388607 objects, including 0 objects not considered by GC, pre-allocating 0 bytes for permanent pool.
LogInit: Object subsystem initialized
[2017.12.05-22.32.29:611][  0]LogInit: Selected Device Profile: [Windows]
[2017.12.05-22.32.29:611][  0]LogInit: Applying CVar settings loaded from the selected device profile: [Windows]
[2017.12.05-22.32.29:620][  0]LogInit: Computer: DESKTOP-TSBI93C
[2017.12.05-22.32.29:620][  0]LogInit: User: ArjunKhara
[2017.12.05-22.32.29:620][  0]LogInit: CPU Page size=4096, Cores=4
[2017.12.05-22.32.29:620][  0]LogInit: High frequency timer resolution =2.835937 MHz
[2017.12.05-22.32.29:620][  0]LogMemory: Memory total: Physical=31.9GB (32GB approx)
[2017.12.05-22.32.29:620][  0]LogMemory: Platform Memory Stats for Windows
[2017.12.05-22.32.29:620][  0]LogMemory: Process Physical Memory: 273.77 MB used, 273.77 MB peak
[2017.12.05-22.32.29:620][  0]LogMemory: Process Virtual Memory: 271.96 MB used, 271.96 MB peak
[2017.12.05-22.32.29:620][  0]LogMemory: Physical Memory: 7682.50 MB used,  24958.44 MB free, 32640.94 MB total
[2017.12.05-22.32.29:620][  0]LogMemory: Virtual Memory: 679.39 MB used,  24958.44 MB free, 134217728.00 MB total
[2017.12.05-22.32.30:257][  0]LogInit: Using OS detected language (en-US).
[2017.12.05-22.32.30:257][  0]LogInit: Using OS detected locale (en-GB).
[2017.12.05-22.32.30:259][  0]LogTextLocalizationManager: No specific localization for 'en-US' exists, so the 'en' localization will be used.
[2017.12.05-22.32.30:768][  0]LogInit: Setting process to per monitor DPI aware
[2017.12.05-22.32.31:032][  0]LogD3D11RHI: D3D11 adapters:
[2017.12.05-22.32.31:072][  0]LogD3D11RHI:    0. 'NVIDIA GeForce GTX 1080 with Max-Q Design' (Feature Level 11_0)
[2017.12.05-22.32.31:072][  0]LogD3D11RHI:       8071/0/16320 MB DedicatedVideo/DedicatedSystem/SharedSystem, Outputs:1, VendorId:0x10de
[2017.12.05-22.32.31:093][  0]LogD3D11RHI:    1. 'Intel(R) HD Graphics 630' (Feature Level 11_0)
[2017.12.05-22.32.31:094][  0]LogD3D11RHI:       128/0/16320 MB DedicatedVideo/DedicatedSystem/SharedSystem, Outputs:0, VendorId:0x8086
[2017.12.05-22.32.31:095][  0]LogD3D11RHI:    2. 'Microsoft Basic Render Driver' (Feature Level 11_0)
[2017.12.05-22.32.31:095][  0]LogD3D11RHI:       0/0/16320 MB DedicatedVideo/DedicatedSystem/SharedSystem, Outputs:0, VendorId:0x1414
[2017.12.05-22.32.31:095][  0]LogD3D11RHI: Chosen D3D11 Adapter: 0
[2017.12.05-22.32.31:103][  0]LogD3D11RHI: Creating new Direct3DDevice
[2017.12.05-22.32.31:103][  0]LogD3D11RHI:     GPU DeviceId: 0x1be0 (for the marketing name, search the web for "GPU Device Id")
[2017.12.05-22.32.31:103][  0]LogWindows: EnumDisplayDevices:
[2017.12.05-22.32.31:103][  0]LogWindows:    0. 'NVIDIA GeForce GTX 1080 with Max-Q Design' (P:1 D:1)
[2017.12.05-22.32.31:103][  0]LogWindows:    1. 'NVIDIA GeForce GTX 1080 with Max-Q Design' (P:0 D:0)
[2017.12.05-22.32.31:103][  0]LogWindows:    2. 'NVIDIA GeForce GTX 1080 with Max-Q Design' (P:0 D:0)
[2017.12.05-22.32.31:103][  0]LogWindows:    3. 'NVIDIA GeForce GTX 1080 with Max-Q Design' (P:0 D:0)
[2017.12.05-22.32.31:103][  0]LogWindows:    4. 'Intel(R) HD Graphics 630' (P:0 D:0)
[2017.12.05-22.32.31:103][  0]LogWindows:    5. 'Intel(R) HD Graphics 630' (P:0 D:0)
[2017.12.05-22.32.31:104][  0]LogWindows:    6. 'Intel(R) HD Graphics 630' (P:0 D:0)
[2017.12.05-22.32.31:104][  0]LogWindows: DebugString: GetVideoDriverDetailsInvalid PrimaryIsNotTheChoosenAdapter GetVideoDriverDetailsInvalid PrimaryIsNotTheChoosenAdapter GetVideoDriverDetailsInvalid PrimaryIsNotTheChoosenAdapter GetVideoDriverDetailsInvalid PrimaryIsNotTheChoosenAdapter GetVideoDriverDetailsInvalid PrimaryIsNotTheChoosenAdapter GetVideoDriverDetailsInvalid PrimaryIsNotTheChoosenAdapter GetVideoDriverDetailsInvalid PrimaryIsNotTheChoosenAdapter FoundDriverCount:0 
[2017.12.05-22.32.31:104][  0]LogD3D11RHI:     Adapter Name: NVIDIA GeForce GTX 1080 with Max-Q Design
[2017.12.05-22.32.31:104][  0]LogD3D11RHI:   Driver Version: Unknown (internal:Unknown, unified:Unknown)
[2017.12.05-22.32.31:104][  0]LogD3D11RHI:      Driver Date: Unknown
[2017.12.05-22.32.31:104][  0]LogRHI: Texture pool is 5649 MB (70% of 8071 MB)
[2017.12.05-22.32.31:124][  0]LogD3D11RHI: Async texture creation enabled
[2017.12.05-22.32.31:133][  0]LogD3D11RHI: GPU Timing Frequency: 1000.000000 (Debug: 2 1)
[2017.12.05-22.32.31:180][  0]LogShaderCompilers: Guid format shader working directory is -31 characters bigger than the processId version (../../../../../../Users/Arjun Khara/Documents/Unreal Projects/FF_AI_Collision_Boom/Intermediate/Shaders/WorkingDirectory/23836/).
[2017.12.05-22.32.31:181][  0]LogShaderCompilers: Cleaned the shader compiler working directory 'C:/Users/Arjun Khara/AppData/Local/Temp/UnrealShaderWorkingDir/15C7168D449C458B55D26C8711E67165/'.
[2017.12.05-22.32.31:181][  0]LogShaderCompilers: Display: Using Local Shader Compiler.
[2017.12.05-22.32.32:149][  0]LogTemp: Display: Loaded TP AllDesktopTargetPlatform
[2017.12.05-22.32.32:214][  0]LogTemp: Display: Loaded TP MacClientTargetPlatform
[2017.12.05-22.32.32:280][  0]LogTemp: Display: Loaded TP MacNoEditorTargetPlatform
[2017.12.05-22.32.32:344][  0]LogTemp: Display: Loaded TP MacServerTargetPlatform
[2017.12.05-22.32.32:406][  0]LogTemp: Display: Loaded TP MacTargetPlatform
[2017.12.05-22.32.32:469][  0]LogTemp: Display: Loaded TP WindowsClientTargetPlatform
[2017.12.05-22.32.32:534][  0]LogTemp: Display: Loaded TP WindowsNoEditorTargetPlatform
[2017.12.05-22.32.32:598][  0]LogTemp: Display: Loaded TP WindowsServerTargetPlatform
[2017.12.05-22.32.32:680][  0]LogTemp: Display: Loaded TP WindowsTargetPlatform
[2017.12.05-22.32.32:742][  0]LogTemp: Display: Loaded TP Android_ASTCTargetPlatform
[2017.12.05-22.32.32:804][  0]LogTemp: Display: Loaded TP Android_ATCTargetPlatform
[2017.12.05-22.32.32:882][  0]LogTemp: Display: Loaded TP Android_DXTTargetPlatform
[2017.12.05-22.32.32:942][  0]LogTemp: Display: Loaded TP Android_ETC1TargetPlatform
[2017.12.05-22.32.33:006][  0]LogTemp: Display: Loaded TP Android_ETC2TargetPlatform
[2017.12.05-22.32.33:132][  0]LogTemp: Display: Loaded TP Android_MultiTargetPlatform
[2017.12.05-22.32.33:133][  0]LogTemp: Display: Loaded TP Android_PVRTCTargetPlatform
[2017.12.05-22.32.33:194][  0]LogTemp: Display: Loaded TP AndroidTargetPlatform
[2017.12.05-22.32.33:246][  0]LogTemp: Display: Loaded TP HTML5TargetPlatform
[2017.12.05-22.32.33:357][  0]LogTemp: Display: Loaded TP IOSTargetPlatform
[2017.12.05-22.32.33:413][  0]LogTemp: Display: Loaded TP TVOSTargetPlatform
[2017.12.05-22.32.33:479][  0]LogTemp: Display: Loaded TP LinuxClientTargetPlatform
[2017.12.05-22.32.33:542][  0]LogTemp: Display: Loaded TP LinuxNoEditorTargetPlatform
[2017.12.05-22.32.33:605][  0]LogTemp: Display: Loaded TP LinuxServerTargetPlatform
[2017.12.05-22.32.33:666][  0]LogTemp: Display: Loaded TP LinuxTargetPlatform
[2017.12.05-22.32.33:666][  0]LogTargetPlatformManager: Display: Building Assets For Windows
[2017.12.05-22.32.34:326][  0]LogDerivedDataCache: Display: Max Cache Size: 512 MB
[2017.12.05-22.32.34:380][  0]LogDerivedDataCache: Loaded boot cache 0.05s 78MB C:/Users/Arjun Khara/AppData/Local/UnrealEngine/4.18/DerivedDataCache/Boot.ddc.
[2017.12.05-22.32.34:380][  0]LogDerivedDataCache: Display: Loaded Boot cache: C:/Users/Arjun Khara/AppData/Local/UnrealEngine/4.18/DerivedDataCache/Boot.ddc
[2017.12.05-22.32.34:380][  0]LogDerivedDataCache: FDerivedDataBackendGraph:  Pak pak cache file ../../../../../../Users/Arjun Khara/Documents/Unreal Projects/FF_AI_Collision_Boom/DerivedDataCache/DDC.ddp not found, will not use a pak cache.
[2017.12.05-22.32.34:380][  0]LogDerivedDataCache: Unable to find inner node Pak for hierarchical cache Hierarchy.
[2017.12.05-22.32.34:380][  0]LogDerivedDataCache: FDerivedDataBackendGraph:  CompressedPak pak cache file ../../../../../../Users/Arjun Khara/Documents/Unreal Projects/FF_AI_Collision_Boom/DerivedDataCache/Compressed.ddp not found, will not use a pak cache.
[2017.12.05-22.32.34:380][  0]LogDerivedDataCache: Unable to find inner node CompressedPak for hierarchical cache Hierarchy.
[2017.12.05-22.32.34:394][  0]LogDerivedDataCache: Display: Pak cache opened for reading ../../../Engine/DerivedDataCache/Compressed.ddp.
[2017.12.05-22.32.34:407][  0]LogDerivedDataCache: Using Local data cache path C:/Users/Arjun Khara/AppData/Local/UnrealEngine/Common/DerivedDataCache: Writable
[2017.12.05-22.32.34:416][  0]LogMaterial: Verifying Global Shaders for PCD3D_SM5
[2017.12.05-22.32.34:417][  0]LogSlate: Using Freetype 2.6.0
[2017.12.05-22.32.34:417][  0]LogSlate: SlateFontCache - WITH_FREETYPE: 1, WITH_HARFBUZZ: 1
[2017.12.05-22.32.34:417][  0]LogSlate: SlateFontCache - WITH_FREETYPE: 1, WITH_HARFBUZZ: 1
[2017.12.05-22.32.34:786][  0]LogInit: Selected Device Profile: [Windows]
[2017.12.05-22.32.35:197][  0]LogSimplygon: Simplygon DLL not present - disabling.
[2017.12.05-22.32.35:250][  0]LogMeshReduction: Using SimplygonSwarm for distributed automatic mesh merging
[2017.12.05-22.32.35:250][  0]LogMeshReduction: Using QuadricMeshReduction for automatic static mesh reduction
[2017.12.05-22.32.35:250][  0]LogMeshReduction: No automatic skeletal mesh reduction module available
[2017.12.05-22.32.35:250][  0]LogMeshReduction: No automatic mesh merging module available
[2017.12.05-22.32.35:250][  0]LogMeshMerging: No automatic mesh merging module available
[2017.12.05-22.32.35:277][  0]LogNetVersion: FF_AI_Collision_Boom , NetCL: 3709383, EngineNetVer: 2, GameNetVer: 0 (Checksum: 3176449173)
[2017.12.05-22.32.35:477][  0]LogAssetRegistry: FAssetRegistry took 0.0254 seconds to start up
[2017.12.05-22.32.35:995][  0]LogPackageLocalizationCache: Processed 7 localized package path(s) for 2 prioritized culture(s) in 0.063912 seconds
[2017.12.05-22.32.36:000][  0]LogUObjectArray: 35900 objects as part of root set at end of initial load.
[2017.12.05-22.32.36:000][  0]LogUObjectAllocator: 7372016 out of 0 bytes used by permanent object pool.
[2017.12.05-22.32.36:000][  0]LogUObjectArray: CloseDisregardForGC: 0/0 objects in disregard for GC pool
[2017.12.05-22.32.36:073][  0]LogInit: WinSock: version 1.1 (2.2), MaxSocks=32767, MaxUdp=65467
[2017.12.05-22.32.39:196][  0]LogTcpMessaging: Initializing TcpMessaging bridge
[2017.12.05-22.32.39:246][  0]LogUdpMessaging: Initializing bridge on interface 0.0.0.0:0 to multicast group 230.0.0.1:6666.
[2017.12.05-22.32.40:267][  0]LogMaterial: Uniform references updated for custom material expression Custom.
[2017.12.05-22.32.40:780][  0]SourceControl: Source control is disabled
[2017.12.05-22.32.40:780][  0]SourceControl: Source control is disabled
[2017.12.05-22.32.40:848][  0]SourceControl: Source control is disabled
[2017.12.05-22.32.40:913][  0]SourceControl: Source control is disabled
[2017.12.05-22.32.42:015][  0]LogAndroidPermission: UAndroidPermissionCallbackProxy::GetInstance
[2017.12.05-22.32.42:371][  0]LogOcInput: OculusInput pre-init called
[2017.12.05-22.32.42:722][  0]LogEngine: Initializing Engine...
[2017.12.05-22.32.42:724][  0]LogHMD: Failed to initialize OpenVR with code 110
[2017.12.05-22.32.42:906][  0]LogStats: UGameplayTagsManager::ConstructGameplayTagTree: Construct from data asset -  0.000 s
[2017.12.05-22.32.42:906][  0]LogStats: UGameplayTagsManager::ConstructGameplayTagTree: GameplayTagTreeChangedEvent.Broadcast -  0.000 s
[2017.12.05-22.32.43:073][  0]LogAIModule: Creating AISystem for world Untitled
[2017.12.05-22.32.43:079][  0]LogInit: XAudio2 using 'Speakers / Headphones (Realtek Audio)' : 6 channels at 48 kHz using 32 bits per sample (channel mask 0x3f)
[2017.12.05-22.32.43:758][  0]LogInit: FAudioDevice initialized.
[2017.12.05-22.32.43:836][  0]LogDerivedDataCache: Saved boot cache 0.08s 78MB C:/Users/Arjun Khara/AppData/Local/UnrealEngine/4.18/DerivedDataCache/Boot.ddc.
[2017.12.05-22.32.43:842][  0]LogInit: Texture streaming: Enabled
[2017.12.05-22.32.43:978][  0]LogEngineSessionManager: EngineSessionManager initialized
[2017.12.05-22.32.44:151][  0]LogInit: Transaction tracking system initialized
[2017.12.05-22.32.44:588][  0]BlueprintLog: New page: Editor Load
[2017.12.05-22.32.45:779][  0]LocalizationService: Localization service is disabled
[2017.12.05-22.32.46:511][  0]LogLinker: Warning: Can't find file '/Game/FirstPersonBP/FirstPersonOverview'
[2017.12.05-22.32.46:512][  0]LogLinker: Warning: Can't find file '/Game/FirstPersonBP/FirstPersonOverview'
[2017.12.05-22.32.46:512][  0]LogUObjectGlobals: Warning: Failed to find object 'Class /Game/FirstPersonBP/FirstPersonOverview.FirstPersonOverview_C'
[2017.12.05-22.32.46:818][  0]LogConsoleResponse: Display: 
[2017.12.05-22.32.47:002][  0]LogCook: Display: Max memory allowance for cook 16384mb min free memory 0mb
[2017.12.05-22.32.47:002][  0]LogCook: Display: Mobile HDR setting 1
[2017.12.05-22.32.47:002][  0]LogGameplayTags: Display: UGameplayTagsManager::DoneAddingNativeTags. DelegateIsBound: 0
[2017.12.05-22.32.47:670][  0]LogFileCache: Scanning file cache for directory 'C:/Users/Arjun Khara/Documents/Unreal Projects/FF_AI_Collision_Boom/Content/' took 0.01s
[2017.12.05-22.32.48:550][  0]SourceControl: Source control is disabled
[2017.12.05-22.32.48:550][  0]Cmd: MAP LOAD FILE="../../../../../../Users/Arjun Khara/Documents/Unreal Projects/FF_AI_Collision_Boom/Content/ThirdPersonBP/Maps/ThirdPersonExampleMap.umap" TEMPLATE=0 SHOWPROGRESS=1 FEATURELEVEL=3
[2017.12.05-22.32.48:550][  0]LightingResults: New page: Lighting Build
[2017.12.05-22.32.48:607][  0]MapCheck: New page: Map Check
[2017.12.05-22.32.48:607][  0]LightingResults: New page: Lighting Build
[2017.12.05-22.32.49:020][  0]LogAIModule: Creating AISystem for world ThirdPersonExampleMap
[2017.12.05-22.32.49:029][  0]LogEditorServer: Finished looking for orphan Actors (0.000 secs)
[2017.12.05-22.32.49:040][  0]Cmd: MAP CHECKDEP NOCLEARLOG
[2017.12.05-22.32.49:101][  0]MapCheck: Map check complete: 0 Error(s), 0 Warning(s), took 60.615ms to complete.
[2017.12.05-22.32.49:101][  0]LogFileHelpers: Loading map 'ThirdPersonExampleMap' took 0.551
[2017.12.05-22.32.49:199][  0]LogWindowsTextInputMethodSystem: Display: IME system now deactivated.
[2017.12.05-22.32.49:302][  0]LogCollectionManager: Loaded 0 collections in 0.001527 seconds
[2017.12.05-22.32.49:441][  0]LogFileCache: Scanning file cache for directory 'C:/Users/Arjun Khara/Documents/Unreal Projects/FF_AI_Collision_Boom/Saved/Collections/' took 0.01s
[2017.12.05-22.32.49:441][  0]LogFileCache: Scanning file cache for directory 'C:/Users/Arjun Khara/Documents/Unreal Projects/FF_AI_Collision_Boom/Content/Developers/ArjunKhara/Collections/' took 0.01s
[2017.12.05-22.32.49:441][  0]LogFileCache: Scanning file cache for directory 'C:/Users/Arjun Khara/Documents/Unreal Projects/FF_AI_Collision_Boom/Content/Collections/' took 0.01s
[2017.12.05-22.32.49:441][  0]LogCollectionManager: Rebuilt the GUID cache for 0 collections in 0.000001 seconds
[2017.12.05-22.32.49:448][  0]LogContentBrowser: Native class hierarchy populated in 0.0074 seconds. Added 2363 classes and 519 folders.
[2017.12.05-22.32.49:541][  0]LogContentBrowser: Native class hierarchy updated for 'WidgetCarousel' in 0.0002 seconds. Added 0 classes and 0 folders.
[2017.12.05-22.32.49:590][  0]LogContentBrowser: Native class hierarchy updated for 'AddContentDialog' in 0.0004 seconds. Added 0 classes and 0 folders.
[2017.12.05-22.32.49:667][  0]LogContentBrowser: Native class hierarchy updated for 'SceneOutliner' in 0.0002 seconds. Added 1 classes and 2 folders.
[2017.12.05-22.32.49:682][  0]LogSlate: Took 0.000183 seconds to synchronously load lazily loaded font '../../../Engine/Content/Slate/Fonts/Roboto-Regular.ttf' (155K)
[2017.12.05-22.32.49:685][  0]LogSlate: Took 0.000240 seconds to synchronously load lazily loaded font '../../../Engine/Content/Slate/Fonts/Roboto-Bold.ttf' (160K)
[2017.12.05-22.32.49:690][  0]LogSlate: Took 0.000174 seconds to synchronously load lazily loaded font '../../../Engine/Content/Editor/Slate/Fonts/FontAwesome.ttf' (139K)
[2017.12.05-22.32.49:777][  0]LogRenderer: Reallocating scene render targets to support 968x492 Format 10 NumSamples 1 (Frame:1).
[2017.12.05-22.32.49:932][  0]LogContentBrowser: Native class hierarchy updated for 'HierarchicalLODOutliner' in 0.0002 seconds. Added 1 classes and 2 folders.
[2017.12.05-22.32.49:932][  0]LogLoad: (Engine Initialization) Total time: 22.69 seconds
[2017.12.05-22.32.49:932][  0]LogLoad: (Engine Initialization) Total Blueprint compile time: 0.00 seconds
[2017.12.05-22.32.49:932][  0]LogExternalProfiler: No external profilers were discovered.  External profiling features will not be available.
[2017.12.05-22.32.49:965][  0]LogAssetRegistry: Asset discovery search completed in 14.5103 seconds
[2017.12.05-22.32.49:967][  0]LogCollectionManager: Rebuilt the object cache for 0 collections in 0.000000 seconds (found 0 objects)
[2017.12.05-22.32.49:967][  0]LogCollectionManager: Fixed up redirectors for 0 collections in 0.000038 seconds (updated 0 objects)
[2017.12.05-22.32.49:969][  0]LogContentStreaming: Texture pool size now 1000 MB
[2017.12.05-22.32.50:009][  0]LogSlate: Took 0.000369 seconds to synchronously load lazily loaded font '../../../Engine/Content/Slate/Fonts/Roboto-Light.ttf' (159K)
[2017.12.05-22.32.54:670][278]LogTemp: Repeating last play command: Selected Viewport
[2017.12.05-22.32.54:697][278]LogBlueprintUserMessages: Early PlayInEditor Detection: Level '/Game/ThirdPersonBP/Maps/ThirdPersonExampleMap.ThirdPersonExampleMap:PersistentLevel' has LevelScriptBlueprint '/Game/ThirdPersonBP/Maps/ThirdPersonExampleMap.ThirdPersonExampleMap:PersistentLevel.ThirdPersonExampleMap' with GeneratedClass '/Game/ThirdPersonBP/Maps/ThirdPersonExampleMap.ThirdPersonExampleMap_C' with ClassGeneratedBy '/Game/ThirdPersonBP/Maps/ThirdPersonExampleMap.ThirdPersonExampleMap:PersistentLevel.ThirdPersonExampleMap'
[2017.12.05-22.32.54:698][278]LogPlayLevel: PlayLevel: No blueprints needed recompiling
[2017.12.05-22.32.54:698][278]PIE: New page: PIE session: ThirdPersonExampleMap (5 Dec 2017 22:32:54)
[2017.12.05-22.32.54:698][278]LogPlayLevel: Creating play world package: /Game/ThirdPersonBP/Maps/UEDPIE_0_ThirdPersonExampleMap
[2017.12.05-22.32.54:717][278]LogPlayLevel: PIE: StaticDuplicateObject took: (0.019368s)
[2017.12.05-22.32.54:718][278]LogAIModule: Creating AISystem for world ThirdPersonExampleMap
[2017.12.05-22.32.54:718][278]LogPlayLevel: PIE: World Init took: (0.000931s)
[2017.12.05-22.32.54:719][278]LogPlayLevel: PIE: Created PIE world by copying editor world from /Game/ThirdPersonBP/Maps/ThirdPersonExampleMap.ThirdPersonExampleMap to /Game/ThirdPersonBP/Maps/UEDPIE_0_ThirdPersonExampleMap.ThirdPersonExampleMap (0.020695s)
[2017.12.05-22.32.54:729][278]LogInit: XAudio2 using 'Speakers / Headphones (Realtek Audio)' : 6 channels at 48 kHz using 32 bits per sample (channel mask 0x3f)
[2017.12.05-22.32.54:792][278]LogInit: FAudioDevice initialized.
[2017.12.05-22.32.54:847][278]LogLoad: Game class is 'ThirdPersonGameMode_C'
[2017.12.05-22.32.54:855][278]LogWorld: Bringing World /Game/ThirdPersonBP/Maps/UEDPIE_0_ThirdPersonExampleMap.ThirdPersonExampleMap up for play (max tick rate 60) at 2017.12.05-22.32.54
[2017.12.05-22.32.54:857][278]LogWorld: Bringing up level for play took: 0.005548
[2017.12.05-22.32.54:937][278]LogContentBrowser: Native class hierarchy updated for 'MovieSceneCapture' in 0.0002 seconds. Added 11 classes and 0 folders.
[2017.12.05-22.32.54:937][278]PIE: Play in editor start time for /Game/ThirdPersonBP/Maps/UEDPIE_0_ThirdPersonExampleMap 1.032
[2017.12.05-22.32.54:938][278]LogBlueprintUserMessages: Late PlayInEditor Detection: Level '/Game/ThirdPersonBP/Maps/ThirdPersonExampleMap.ThirdPersonExampleMap:PersistentLevel' has LevelScriptBlueprint '/Game/ThirdPersonBP/Maps/ThirdPersonExampleMap.ThirdPersonExampleMap:PersistentLevel.ThirdPersonExampleMap' with GeneratedClass '/Game/ThirdPersonBP/Maps/ThirdPersonExampleMap.ThirdPersonExampleMap_C' with ClassGeneratedBy '/Game/ThirdPersonBP/Maps/ThirdPersonExampleMap.ThirdPersonExampleMap:PersistentLevel.ThirdPersonExampleMap'
[2017.12.05-22.33.01:352][662]LogBlueprintUserMessages: Early EndPlayMap Detection: Level '/Game/ThirdPersonBP/Maps/ThirdPersonExampleMap.ThirdPersonExampleMap:PersistentLevel' has LevelScriptBlueprint '/Game/ThirdPersonBP/Maps/ThirdPersonExampleMap.ThirdPersonExampleMap:PersistentLevel.ThirdPersonExampleMap' with GeneratedClass '/Game/ThirdPersonBP/Maps/ThirdPersonExampleMap.ThirdPersonExampleMap_C' with ClassGeneratedBy '/Game/ThirdPersonBP/Maps/ThirdPersonExampleMap.ThirdPersonExampleMap:PersistentLevel.ThirdPersonExampleMap'
[2017.12.05-22.33.01:388][662]LogBlueprintUserMessages: Late EndPlayMap Detection: Level '/Game/ThirdPersonBP/Maps/ThirdPersonExampleMap.ThirdPersonExampleMap:PersistentLevel' has LevelScriptBlueprint '/Game/ThirdPersonBP/Maps/ThirdPersonExampleMap.ThirdPersonExampleMap:PersistentLevel.ThirdPersonExampleMap' with GeneratedClass '/Game/ThirdPersonBP/Maps/ThirdPersonExampleMap.ThirdPersonExampleMap_C' with ClassGeneratedBy '/Game/ThirdPersonBP/Maps/ThirdPersonExampleMap.ThirdPersonExampleMap:PersistentLevel.ThirdPersonExampleMap'
[2017.12.05-22.33.53:901][808]LogSlate: Took 0.000211 seconds to synchronously load lazily loaded font '../../../Engine/Content/Slate/Fonts/Roboto-Light.ttf' (159K)
[2017.12.05-22.33.54:209][808]LogContentBrowser: Native class hierarchy updated for 'BlueprintGraph' in 0.0006 seconds. Added 116 classes and 0 folders.
[2017.12.05-22.33.54:848][808]LogSlate: Took 0.000116 seconds to synchronously load lazily loaded font '../../../Engine/Content/Slate/Fonts/Roboto-Regular.ttf' (155K)
[2017.12.05-22.33.54:905][808]LogSlate: Took 0.000253 seconds to synchronously load lazily loaded font '../../../Engine/Content/Editor/Slate/Fonts/Roboto-BoldCondensed.ttf' (158K)
[2017.12.05-22.33.55:040][809]LogSlate: Took 0.000198 seconds to synchronously load lazily loaded font '../../../Engine/Content/Editor/Slate/Fonts/Roboto-Italic.ttf' (157K)
[2017.12.05-22.34.16:749][101]BlueprintLog: New page: Compile ThirdPersonCharacter
[2017.12.05-22.34.20:953][325]LogSavePackage: Save=61.04ms
[2017.12.05-22.34.20:954][325]LogSavePackage: Moving '../../../../../../Users/Arjun Khara/Documents/Unreal Projects/FF_AI_Collision_Boom/Saved/ThirdPersonCharacter6F8707714A2A88AA9E4CC8B22FFC8214.tmp' to '../../../../../../Users/Arjun Khara/Documents/Unreal Projects/FF_AI_Collision_Boom/Content/ThirdPersonBP/Blueprints/ThirdPersonCharacter.uasset'
[2017.12.05-22.34.20:957][325]LogSavePackage: Display: Finished SavePackage ../../../../../../Users/Arjun Khara/Documents/Unreal Projects/FF_AI_Collision_Boom/Content/ThirdPersonBP/Blueprints/ThirdPersonCharacter.uasset
[2017.12.05-22.34.23:401][468]LogTemp: Repeating last play command: Selected Viewport
[2017.12.05-22.34.23:414][468]LogBlueprintUserMessages: Early PlayInEditor Detection: Level '/Game/ThirdPersonBP/Maps/ThirdPersonExampleMap.ThirdPersonExampleMap:PersistentLevel' has LevelScriptBlueprint '/Game/ThirdPersonBP/Maps/ThirdPersonExampleMap.ThirdPersonExampleMap:PersistentLevel.ThirdPersonExampleMap' with GeneratedClass '/Game/ThirdPersonBP/Maps/ThirdPersonExampleMap.ThirdPersonExampleMap_C' with ClassGeneratedBy '/Game/ThirdPersonBP/Maps/ThirdPersonExampleMap.ThirdPersonExampleMap:PersistentLevel.ThirdPersonExampleMap'
[2017.12.05-22.34.23:414][468]LogPlayLevel: PlayLevel: No blueprints needed recompiling
[2017.12.05-22.34.23:414][468]PIE: New page: PIE session: ThirdPersonExampleMap (5 Dec 2017 22:34:23)
[2017.12.05-22.34.23:414][468]LogPlayLevel: Creating play world package: /Game/ThirdPersonBP/Maps/UEDPIE_0_ThirdPersonExampleMap
[2017.12.05-22.34.23:427][468]LogPlayLevel: PIE: StaticDuplicateObject took: (0.012837s)
[2017.12.05-22.34.23:427][468]LogAIModule: Creating AISystem for world ThirdPersonExampleMap
[2017.12.05-22.34.23:428][468]LogPlayLevel: PIE: World Init took: (0.000689s)
[2017.12.05-22.34.23:428][468]LogPlayLevel: PIE: Created PIE world by copying editor world from /Game/ThirdPersonBP/Maps/ThirdPersonExampleMap.ThirdPersonExampleMap to /Game/ThirdPersonBP/Maps/UEDPIE_0_ThirdPersonExampleMap.ThirdPersonExampleMap (0.013799s)
[2017.12.05-22.34.23:444][468]LogInit: XAudio2 using 'Speakers / Headphones (Realtek Audio)' : 6 channels at 48 kHz using 32 bits per sample (channel mask 0x3f)
[2017.12.05-22.34.23:507][468]LogInit: FAudioDevice initialized.
[2017.12.05-22.34.23:536][468]LogLoad: Game class is 'ThirdPersonGameMode_C'
[2017.12.05-22.34.23:539][468]LogWorld: Bringing World /Game/ThirdPersonBP/Maps/UEDPIE_0_ThirdPersonExampleMap.ThirdPersonExampleMap up for play (max tick rate 60) at 2017.12.05-22.34.23
[2017.12.05-22.34.23:539][468]LogWorld: Bringing up level for play took: 0.002083
[2017.12.05-22.34.23:540][468]PIE: Play in editor start time for /Game/ThirdPersonBP/Maps/UEDPIE_0_ThirdPersonExampleMap -0.366
[2017.12.05-22.34.23:541][468]LogBlueprintUserMessages: Late PlayInEditor Detection: Level '/Game/ThirdPersonBP/Maps/ThirdPersonExampleMap.ThirdPersonExampleMap:PersistentLevel' has LevelScriptBlueprint '/Game/ThirdPersonBP/Maps/ThirdPersonExampleMap.ThirdPersonExampleMap:PersistentLevel.ThirdPersonExampleMap' with GeneratedClass '/Game/ThirdPersonBP/Maps/ThirdPersonExampleMap.ThirdPersonExampleMap_C' with ClassGeneratedBy '/Game/ThirdPersonBP/Maps/ThirdPersonExampleMap.ThirdPersonExampleMap:PersistentLevel.ThirdPersonExampleMap'
[2017.12.05-22.34.26:141][623]LogBlueprintUserMessages: Early EndPlayMap Detection: Level '/Game/ThirdPersonBP/Maps/ThirdPersonExampleMap.ThirdPersonExampleMap:PersistentLevel' has LevelScriptBlueprint '/Game/ThirdPersonBP/Maps/ThirdPersonExampleMap.ThirdPersonExampleMap:PersistentLevel.ThirdPersonExampleMap' with GeneratedClass '/Game/ThirdPersonBP/Maps/ThirdPersonExampleMap.ThirdPersonExampleMap_C' with ClassGeneratedBy '/Game/ThirdPersonBP/Maps/ThirdPersonExampleMap.ThirdPersonExampleMap:PersistentLevel.ThirdPersonExampleMap'
[2017.12.05-22.34.26:176][623]LogBlueprintUserMessages: Late EndPlayMap Detection: Level '/Game/ThirdPersonBP/Maps/ThirdPersonExampleMap.ThirdPersonExampleMap:PersistentLevel' has LevelScriptBlueprint '/Game/ThirdPersonBP/Maps/ThirdPersonExampleMap.ThirdPersonExampleMap:PersistentLevel.ThirdPersonExampleMap' with GeneratedClass '/Game/ThirdPersonBP/Maps/ThirdPersonExampleMap.ThirdPersonExampleMap_C' with ClassGeneratedBy '/Game/ThirdPersonBP/Maps/ThirdPersonExampleMap.ThirdPersonExampleMap:PersistentLevel.ThirdPersonExampleMap'
[2017.12.05-22.34.28:413][754]LogTemp: Repeating last play command: Selected Viewport
[2017.12.05-22.34.28:422][754]LogBlueprintUserMessages: Early PlayInEditor Detection: Level '/Game/ThirdPersonBP/Maps/ThirdPersonExampleMap.ThirdPersonExampleMap:PersistentLevel' has LevelScriptBlueprint '/Game/ThirdPersonBP/Maps/ThirdPersonExampleMap.ThirdPersonExampleMap:PersistentLevel.ThirdPersonExampleMap' with GeneratedClass '/Game/ThirdPersonBP/Maps/ThirdPersonExampleMap.ThirdPersonExampleMap_C' with ClassGeneratedBy '/Game/ThirdPersonBP/Maps/ThirdPersonExampleMap.ThirdPersonExampleMap:PersistentLevel.ThirdPersonExampleMap'
[2017.12.05-22.34.28:422][754]LogPlayLevel: PlayLevel: No blueprints needed recompiling
[2017.12.05-22.34.28:422][754]PIE: New page: PIE session: ThirdPersonExampleMap (5 Dec 2017 22:34:28)
[2017.12.05-22.34.28:422][754]LogPlayLevel: Creating play world package: /Game/ThirdPersonBP/Maps/UEDPIE_0_ThirdPersonExampleMap
[2017.12.05-22.34.28:435][754]LogPlayLevel: PIE: StaticDuplicateObject took: (0.013021s)
[2017.12.05-22.34.28:436][754]LogAIModule: Creating AISystem for world ThirdPersonExampleMap
[2017.12.05-22.34.28:436][754]LogPlayLevel: PIE: World Init took: (0.000809s)
[2017.12.05-22.34.28:436][754]LogPlayLevel: PIE: Created PIE world by copying editor world from /Game/ThirdPersonBP/Maps/ThirdPersonExampleMap.ThirdPersonExampleMap to /Game/ThirdPersonBP/Maps/UEDPIE_0_ThirdPersonExampleMap.ThirdPersonExampleMap (0.014090s)
[2017.12.05-22.34.28:451][754]LogInit: XAudio2 using 'Speakers / Headphones (Realtek Audio)' : 6 channels at 48 kHz using 32 bits per sample (channel mask 0x3f)
[2017.12.05-22.34.28:517][754]LogInit: FAudioDevice initialized.
[2017.12.05-22.34.28:550][754]LogLoad: Game class is 'ThirdPersonGameMode_C'
[2017.12.05-22.34.28:553][754]LogWorld: Bringing World /Game/ThirdPersonBP/Maps/UEDPIE_0_ThirdPersonExampleMap.ThirdPersonExampleMap up for play (max tick rate 60) at 2017.12.05-22.34.28
[2017.12.05-22.34.28:553][754]LogWorld: Bringing up level for play took: 0.002171
[2017.12.05-22.34.28:554][754]PIE: Play in editor start time for /Game/ThirdPersonBP/Maps/UEDPIE_0_ThirdPersonExampleMap 0.648
[2017.12.05-22.34.28:554][754]LogBlueprintUserMessages: Late PlayInEditor Detection: Level '/Game/ThirdPersonBP/Maps/ThirdPersonExampleMap.ThirdPersonExampleMap:PersistentLevel' has LevelScriptBlueprint '/Game/ThirdPersonBP/Maps/ThirdPersonExampleMap.ThirdPersonExampleMap:PersistentLevel.ThirdPersonExampleMap' with GeneratedClass '/Game/ThirdPersonBP/Maps/ThirdPersonExampleMap.ThirdPersonExampleMap_C' with ClassGeneratedBy '/Game/ThirdPersonBP/Maps/ThirdPersonExampleMap.ThirdPersonExampleMap:PersistentLevel.ThirdPersonExampleMap'
[2017.12.05-22.34.42:972][618]LogBlueprintUserMessages: Early EndPlayMap Detection: Level '/Game/ThirdPersonBP/Maps/ThirdPersonExampleMap.ThirdPersonExampleMap:PersistentLevel' has LevelScriptBlueprint '/Game/ThirdPersonBP/Maps/ThirdPersonExampleMap.ThirdPersonExampleMap:PersistentLevel.ThirdPersonExampleMap' with GeneratedClass '/Game/ThirdPersonBP/Maps/ThirdPersonExampleMap.ThirdPersonExampleMap_C' with ClassGeneratedBy '/Game/ThirdPersonBP/Maps/ThirdPersonExampleMap.ThirdPersonExampleMap:PersistentLevel.ThirdPersonExampleMap'
[2017.12.05-22.34.43:003][618]LogBlueprintUserMessages: Late EndPlayMap Detection: Level '/Game/ThirdPersonBP/Maps/ThirdPersonExampleMap.ThirdPersonExampleMap:PersistentLevel' has LevelScriptBlueprint '/Game/ThirdPersonBP/Maps/ThirdPersonExampleMap.ThirdPersonExampleMap:PersistentLevel.ThirdPersonExampleMap' with GeneratedClass '/Game/ThirdPersonBP/Maps/ThirdPersonExampleMap.ThirdPersonExampleMap_C' with ClassGeneratedBy '/Game/ThirdPersonBP/Maps/ThirdPersonExampleMap.ThirdPersonExampleMap:PersistentLevel.ThirdPersonExampleMap'
[2017.12.05-22.34.46:607][833]LogTemp: Repeating last play command: Selected Viewport
[2017.12.05-22.34.46:616][833]LogBlueprintUserMessages: Early PlayInEditor Detection: Level '/Game/ThirdPersonBP/Maps/ThirdPersonExampleMap.ThirdPersonExampleMap:PersistentLevel' has LevelScriptBlueprint '/Game/ThirdPersonBP/Maps/ThirdPersonExampleMap.ThirdPersonExampleMap:PersistentLevel.ThirdPersonExampleMap' with GeneratedClass '/Game/ThirdPersonBP/Maps/ThirdPersonExampleMap.ThirdPersonExampleMap_C' with ClassGeneratedBy '/Game/ThirdPersonBP/Maps/ThirdPersonExampleMap.ThirdPersonExampleMap:PersistentLevel.ThirdPersonExampleMap'
[2017.12.05-22.34.46:617][833]LogPlayLevel: PlayLevel: No blueprints needed recompiling
[2017.12.05-22.34.46:617][833]PIE: New page: PIE session: ThirdPersonExampleMap (5 Dec 2017 22:34:46)
[2017.12.05-22.34.46:617][833]LogPlayLevel: Creating play world package: /Game/ThirdPersonBP/Maps/UEDPIE_0_ThirdPersonExampleMap
[2017.12.05-22.34.46:630][833]LogPlayLevel: PIE: StaticDuplicateObject took: (0.013165s)
[2017.12.05-22.34.46:631][833]LogAIModule: Creating AISystem for world ThirdPersonExampleMap
[2017.12.05-22.34.46:631][833]LogPlayLevel: PIE: World Init took: (0.000968s)
[2017.12.05-22.34.46:631][833]LogPlayLevel: PIE: Created PIE world by copying editor world from /Game/ThirdPersonBP/Maps/ThirdPersonExampleMap.ThirdPersonExampleMap to /Game/ThirdPersonBP/Maps/UEDPIE_0_ThirdPersonExampleMap.ThirdPersonExampleMap (0.014464s)
[2017.12.05-22.34.46:648][833]LogInit: XAudio2 using 'Speakers / Headphones (Realtek Audio)' : 6 channels at 48 kHz using 32 bits per sample (channel mask 0x3f)
[2017.12.05-22.34.46:711][833]LogInit: FAudioDevice initialized.
[2017.12.05-22.34.46:745][833]LogLoad: Game class is 'ThirdPersonGameMode_C'
[2017.12.05-22.34.46:748][833]LogWorld: Bringing World /Game/ThirdPersonBP/Maps/UEDPIE_0_ThirdPersonExampleMap.ThirdPersonExampleMap up for play (max tick rate 60) at 2017.12.05-22.34.46
[2017.12.05-22.34.46:748][833]LogWorld: Bringing up level for play took: 0.001948
[2017.12.05-22.34.46:749][833]PIE: Play in editor start time for /Game/ThirdPersonBP/Maps/UEDPIE_0_ThirdPersonExampleMap 0.843
[2017.12.05-22.34.46:750][833]LogBlueprintUserMessages: Late PlayInEditor Detection: Level '/Game/ThirdPersonBP/Maps/ThirdPersonExampleMap.ThirdPersonExampleMap:PersistentLevel' has LevelScriptBlueprint '/Game/ThirdPersonBP/Maps/ThirdPersonExampleMap.ThirdPersonExampleMap:PersistentLevel.ThirdPersonExampleMap' with GeneratedClass '/Game/ThirdPersonBP/Maps/ThirdPersonExampleMap.ThirdPersonExampleMap_C' with ClassGeneratedBy '/Game/ThirdPersonBP/Maps/ThirdPersonExampleMap.ThirdPersonExampleMap:PersistentLevel.ThirdPersonExampleMap'
[2017.12.05-22.34.55:889][379]LogBlueprintUserMessages: Early EndPlayMap Detection: Level '/Game/ThirdPersonBP/Maps/ThirdPersonExampleMap.ThirdPersonExampleMap:PersistentLevel' has LevelScriptBlueprint '/Game/ThirdPersonBP/Maps/ThirdPersonExampleMap.ThirdPersonExampleMap:PersistentLevel.ThirdPersonExampleMap' with GeneratedClass '/Game/ThirdPersonBP/Maps/ThirdPersonExampleMap.ThirdPersonExampleMap_C' with ClassGeneratedBy '/Game/ThirdPersonBP/Maps/ThirdPersonExampleMap.ThirdPersonExampleMap:PersistentLevel.ThirdPersonExampleMap'
[2017.12.05-22.34.55:932][379]LogBlueprintUserMessages: Late EndPlayMap Detection: Level '/Game/ThirdPersonBP/Maps/ThirdPersonExampleMap.ThirdPersonExampleMap:PersistentLevel' has LevelScriptBlueprint '/Game/ThirdPersonBP/Maps/ThirdPersonExampleMap.ThirdPersonExampleMap:PersistentLevel.ThirdPersonExampleMap' with GeneratedClass '/Game/ThirdPersonBP/Maps/ThirdPersonExampleMap.ThirdPersonExampleMap_C' with ClassGeneratedBy '/Game/ThirdPersonBP/Maps/ThirdPersonExampleMap.ThirdPersonExampleMap:PersistentLevel.ThirdPersonExampleMap'
[2017.12.05-22.34.58:754][545]LogTemp: Repeating last play command: Selected Viewport
[2017.12.05-22.34.58:765][545]LogBlueprintUserMessages: Early PlayInEditor Detection: Level '/Game/ThirdPersonBP/Maps/ThirdPersonExampleMap.ThirdPersonExampleMap:PersistentLevel' has LevelScriptBlueprint '/Game/ThirdPersonBP/Maps/ThirdPersonExampleMap.ThirdPersonExampleMap:PersistentLevel.ThirdPersonExampleMap' with GeneratedClass '/Game/ThirdPersonBP/Maps/ThirdPersonExampleMap.ThirdPersonExampleMap_C' with ClassGeneratedBy '/Game/ThirdPersonBP/Maps/ThirdPersonExampleMap.ThirdPersonExampleMap:PersistentLevel.ThirdPersonExampleMap'
[2017.12.05-22.34.58:765][545]LogPlayLevel: PlayLevel: No blueprints needed recompiling
[2017.12.05-22.34.58:765][545]PIE: New page: PIE session: ThirdPersonExampleMap (5 Dec 2017 22:34:58)
[2017.12.05-22.34.58:765][545]LogPlayLevel: Creating play world package: /Game/ThirdPersonBP/Maps/UEDPIE_0_ThirdPersonExampleMap
[2017.12.05-22.34.58:779][545]LogPlayLevel: PIE: StaticDuplicateObject took: (0.013862s)
[2017.12.05-22.34.58:780][545]LogAIModule: Creating AISystem for world ThirdPersonExampleMap
[2017.12.05-22.34.58:780][545]LogPlayLevel: PIE: World Init took: (0.001022s)
[2017.12.05-22.34.58:780][545]LogPlayLevel: PIE: Created PIE world by copying editor world from /Game/ThirdPersonBP/Maps/ThirdPersonExampleMap.ThirdPersonExampleMap to /Game/ThirdPersonBP/Maps/UEDPIE_0_ThirdPersonExampleMap.ThirdPersonExampleMap (0.015252s)
[2017.12.05-22.34.58:796][545]LogInit: XAudio2 using 'Speakers / Headphones (Realtek Audio)' : 6 channels at 48 kHz using 32 bits per sample (channel mask 0x3f)
[2017.12.05-22.34.58:862][545]LogInit: FAudioDevice initialized.
[2017.12.05-22.34.58:896][545]LogLoad: Game class is 'ThirdPersonGameMode_C'
[2017.12.05-22.34.58:899][545]LogWorld: Bringing World /Game/ThirdPersonBP/Maps/UEDPIE_0_ThirdPersonExampleMap.ThirdPersonExampleMap up for play (max tick rate 60) at 2017.12.05-22.34.58
[2017.12.05-22.34.58:899][545]LogWorld: Bringing up level for play took: 0.002026
[2017.12.05-22.34.58:901][545]PIE: Play in editor start time for /Game/ThirdPersonBP/Maps/UEDPIE_0_ThirdPersonExampleMap 0.995
[2017.12.05-22.34.58:901][545]LogBlueprintUserMessages: Late PlayInEditor Detection: Level '/Game/ThirdPersonBP/Maps/ThirdPersonExampleMap.ThirdPersonExampleMap:PersistentLevel' has LevelScriptBlueprint '/Game/ThirdPersonBP/Maps/ThirdPersonExampleMap.ThirdPersonExampleMap:PersistentLevel.ThirdPersonExampleMap' with GeneratedClass '/Game/ThirdPersonBP/Maps/ThirdPersonExampleMap.ThirdPersonExampleMap_C' with ClassGeneratedBy '/Game/ThirdPersonBP/Maps/ThirdPersonExampleMap.ThirdPersonExampleMap:PersistentLevel.ThirdPersonExampleMap'
[2017.12.05-22.35.09:900][202]LogBlueprintUserMessages: Early EndPlayMap Detection: Level '/Game/ThirdPersonBP/Maps/ThirdPersonExampleMap.ThirdPersonExampleMap:PersistentLevel' has LevelScriptBlueprint '/Game/ThirdPersonBP/Maps/ThirdPersonExampleMap.ThirdPersonExampleMap:PersistentLevel.ThirdPersonExampleMap' with GeneratedClass '/Game/ThirdPersonBP/Maps/ThirdPersonExampleMap.ThirdPersonExampleMap_C' with ClassGeneratedBy '/Game/ThirdPersonBP/Maps/ThirdPersonExampleMap.ThirdPersonExampleMap:PersistentLevel.ThirdPersonExampleMap'
[2017.12.05-22.35.09:942][202]LogBlueprintUserMessages: Late EndPlayMap Detection: Level '/Game/ThirdPersonBP/Maps/ThirdPersonExampleMap.ThirdPersonExampleMap:PersistentLevel' has LevelScriptBlueprint '/Game/ThirdPersonBP/Maps/ThirdPersonExampleMap.ThirdPersonExampleMap:PersistentLevel.ThirdPersonExampleMap' with GeneratedClass '/Game/ThirdPersonBP/Maps/ThirdPersonExampleMap.ThirdPersonExampleMap_C' with ClassGeneratedBy '/Game/ThirdPersonBP/Maps/ThirdPersonExampleMap.ThirdPersonExampleMap:PersistentLevel.ThirdPersonExampleMap'
[2017.12.05-22.35.12:760][369]LogTemp: Repeating last play command: Selected Viewport
[2017.12.05-22.35.12:769][369]LogBlueprintUserMessages: Early PlayInEditor Detection: Level '/Game/ThirdPersonBP/Maps/ThirdPersonExampleMap.ThirdPersonExampleMap:PersistentLevel' has LevelScriptBlueprint '/Game/ThirdPersonBP/Maps/ThirdPersonExampleMap.ThirdPersonExampleMap:PersistentLevel.ThirdPersonExampleMap' with GeneratedClass '/Game/ThirdPersonBP/Maps/ThirdPersonExampleMap.ThirdPersonExampleMap_C' with ClassGeneratedBy '/Game/ThirdPersonBP/Maps/ThirdPersonExampleMap.ThirdPersonExampleMap:PersistentLevel.ThirdPersonExampleMap'
[2017.12.05-22.35.12:769][369]LogPlayLevel: PlayLevel: No blueprints needed recompiling
[2017.12.05-22.35.12:769][369]PIE: New page: PIE session: ThirdPersonExampleMap (5 Dec 2017 22:35:12)
[2017.12.05-22.35.12:770][369]LogPlayLevel: Creating play world package: /Game/ThirdPersonBP/Maps/UEDPIE_0_ThirdPersonExampleMap
[2017.12.05-22.35.12:782][369]LogPlayLevel: PIE: StaticDuplicateObject took: (0.012263s)
[2017.12.05-22.35.12:782][369]LogAIModule: Creating AISystem for world ThirdPersonExampleMap
[2017.12.05-22.35.12:783][369]LogPlayLevel: PIE: World Init took: (0.000732s)
[2017.12.05-22.35.12:783][369]LogPlayLevel: PIE: Created PIE world by copying editor world from /Game/ThirdPersonBP/Maps/ThirdPersonExampleMap.ThirdPersonExampleMap to /Game/ThirdPersonBP/Maps/UEDPIE_0_ThirdPersonExampleMap.ThirdPersonExampleMap (0.013322s)
[2017.12.05-22.35.12:799][369]LogInit: XAudio2 using 'Speakers / Headphones (Realtek Audio)' : 6 channels at 48 kHz using 32 bits per sample (channel mask 0x3f)
[2017.12.05-22.35.12:862][369]LogInit: FAudioDevice initialized.
[2017.12.05-22.35.12:891][369]LogLoad: Game class is 'ThirdPersonGameMode_C'
[2017.12.05-22.35.12:894][369]LogWorld: Bringing World /Game/ThirdPersonBP/Maps/UEDPIE_0_ThirdPersonExampleMap.ThirdPersonExampleMap up for play (max tick rate 60) at 2017.12.05-22.35.12
[2017.12.05-22.35.12:894][369]LogWorld: Bringing up level for play took: 0.001986
[2017.12.05-22.35.12:895][369]PIE: Play in editor start time for /Game/ThirdPersonBP/Maps/UEDPIE_0_ThirdPersonExampleMap 0.989
[2017.12.05-22.35.12:895][369]LogBlueprintUserMessages: Late PlayInEditor Detection: Level '/Game/ThirdPersonBP/Maps/ThirdPersonExampleMap.ThirdPersonExampleMap:PersistentLevel' has LevelScriptBlueprint '/Game/ThirdPersonBP/Maps/ThirdPersonExampleMap.ThirdPersonExampleMap:PersistentLevel.ThirdPersonExampleMap' with GeneratedClass '/Game/ThirdPersonBP/Maps/ThirdPersonExampleMap.ThirdPersonExampleMap_C' with ClassGeneratedBy '/Game/ThirdPersonBP/Maps/ThirdPersonExampleMap.ThirdPersonExampleMap:PersistentLevel.ThirdPersonExampleMap'
[2017.12.05-22.35.29:490][362]LogBlueprintUserMessages: Early EndPlayMap Detection: Level '/Game/ThirdPersonBP/Maps/ThirdPersonExampleMap.ThirdPersonExampleMap:PersistentLevel' has LevelScriptBlueprint '/Game/ThirdPersonBP/Maps/ThirdPersonExampleMap.ThirdPersonExampleMap:PersistentLevel.ThirdPersonExampleMap' with GeneratedClass '/Game/ThirdPersonBP/Maps/ThirdPersonExampleMap.ThirdPersonExampleMap_C' with ClassGeneratedBy '/Game/ThirdPersonBP/Maps/ThirdPersonExampleMap.ThirdPersonExampleMap:PersistentLevel.ThirdPersonExampleMap'
[2017.12.05-22.35.29:528][362]LogBlueprintUserMessages: Late EndPlayMap Detection: Level '/Game/ThirdPersonBP/Maps/ThirdPersonExampleMap.ThirdPersonExampleMap:PersistentLevel' has LevelScriptBlueprint '/Game/ThirdPersonBP/Maps/ThirdPersonExampleMap.ThirdPersonExampleMap:PersistentLevel.ThirdPersonExampleMap' with GeneratedClass '/Game/ThirdPersonBP/Maps/ThirdPersonExampleMap.ThirdPersonExampleMap_C' with ClassGeneratedBy '/Game/ThirdPersonBP/Maps/ThirdPersonExampleMap.ThirdPersonExampleMap:PersistentLevel.ThirdPersonExampleMap'
[2017.12.05-22.35.32:808][543]LogSavePackage: Save=157.35ms
[2017.12.05-22.35.32:808][543]LogSavePackage: Moving '../../../../../../Users/Arjun Khara/Documents/Unreal Projects/FF_AI_Collision_Boom/Saved/ThirdPersonExampleMap9F382ECE465E1A87F76485B6AA1FC433.tmp' to '../../../../../../Users/Arjun Khara/Documents/Unreal Projects/FF_AI_Collision_Boom/Content/ThirdPersonBP/Maps/ThirdPersonExampleMap.umap'
[2017.12.05-22.35.32:812][543]LogSavePackage: Display: Finished SavePackage ../../../../../../Users/Arjun Khara/Documents/Unreal Projects/FF_AI_Collision_Boom/Content/ThirdPersonBP/Maps/ThirdPersonExampleMap.umap
[2017.12.05-22.35.33:009][543]LogSavePackage: Save=174.25ms
[2017.12.05-22.35.33:009][543]LogSavePackage: Moving '../../../../../../Users/Arjun Khara/Documents/Unreal Projects/FF_AI_Collision_Boom/Saved/ThirdPersonExampleMap_BuiltDataCEF43D734CEEDE05BB205DB884AC0E14.tmp' to '../../../../../../Users/Arjun Khara/Documents/Unreal Projects/FF_AI_Collision_Boom/Content/ThirdPersonBP/Maps/ThirdPersonExampleMap_BuiltData.uasset'
[2017.12.05-22.35.33:011][543]LogSavePackage: Display: Finished SavePackage ../../../../../../Users/Arjun Khara/Documents/Unreal Projects/FF_AI_Collision_Boom/Content/ThirdPersonBP/Maps/ThirdPersonExampleMap_BuiltData.uasset
[2017.12.05-22.35.36:824][769]LogWindowsTextInputMethodSystem: Display: IME system now deactivated.
[2017.12.05-22.35.37:015][770]Cmd: QUIT_EDITOR
[2017.12.05-22.35.37:838][770]LogExit: Preparing to exit.
[2017.12.05-22.35.38:396][770]LogDirectoryWatcher: A directory notification for 'C:/Users/Arjun Khara/Documents/Unreal Projects/FF_AI_Collision_Boom/Content/' was aborted.
[2017.12.05-22.35.38:446][770]LogExit: Editor shut down
[2017.12.05-22.35.38:449][770]LogExit: Transaction tracking system shut down
[2017.12.05-22.35.38:549][770]LogDirectoryWatcher: A directory notification for '../../../Engine/Content/' was aborted.
[2017.12.05-22.35.38:549][770]LogDirectoryWatcher: A directory notification for '../../../../../../Users/Arjun Khara/Documents/Unreal Projects/FF_AI_Collision_Boom/Content/' was aborted.
[2017.12.05-22.35.38:549][770]LogDirectoryWatcher: A directory notification for '../../../Engine/Plugins/2D/Paper2D/Content/' was aborted.
[2017.12.05-22.35.38:549][770]LogDirectoryWatcher: A directory notification for '../../../Engine/Plugins/Media/MediaCompositing/Content/' was aborted.
[2017.12.05-22.35.38:549][770]LogDirectoryWatcher: A directory notification for '../../../Engine/Plugins/Runtime/AppleARKit/Content/' was aborted.
[2017.12.05-22.35.38:549][770]LogDirectoryWatcher: A directory notification for '../../../Engine/Plugins/Runtime/Oculus/OculusVR/Content/' was aborted.
[2017.12.05-22.35.38:549][770]LogDirectoryWatcher: A directory notification for '../../../Engine/Plugins/Runtime/Steam/SteamVR/Content/' was aborted.
[2017.12.05-22.35.38:659][770]LogExit: Object subsystem successfully closed.
[2017.12.05-22.35.38:679][770]LogD3D11RHI: Shutdown
[2017.12.05-22.35.38:679][770]LogD3D11RHI: CleanupD3DDevice
[2017.12.05-22.35.38:681][770]LogD3D11RHI: ~FD3D11DynamicRHI
[2017.12.05-22.35.38:697][770]LogModuleManager: Shutting down and abandoning module BlueprintGraph (552)
[2017.12.05-22.35.38:697][770]LogModuleManager: Shutting down and abandoning module MovieSceneCapture (550)
[2017.12.05-22.35.38:697][770]LogModuleManager: Shutting down and abandoning module HierarchicalLODOutliner (548)
[2017.12.05-22.35.38:697][770]LogModuleManager: Shutting down and abandoning module SceneOutliner (546)
[2017.12.05-22.35.38:697][770]LogModuleManager: Shutting down and abandoning module AddContentDialog (544)
[2017.12.05-22.35.38:697][770]LogDirectoryWatcher: A directory notification for 'C:/Program Files/Epic Games/UE_4.18/FeaturePacks/' was aborted.
[2017.12.05-22.35.38:698][770]LogModuleManager: Shutting down and abandoning module WidgetCarousel (543)
[2017.12.05-22.35.38:698][770]LogModuleManager: Shutting down and abandoning module EditorWidgets (540)
[2017.12.05-22.35.38:698][770]LogModuleManager: Shutting down and abandoning module CollectionManager (538)
[2017.12.05-22.35.38:698][770]LogDirectoryWatcher: A directory notification for 'C:/Users/Arjun Khara/Documents/Unreal Projects/FF_AI_Collision_Boom/Content/Collections/' was aborted.
[2017.12.05-22.35.38:698][770]LogDirectoryWatcher: A directory notification for 'C:/Users/Arjun Khara/Documents/Unreal Projects/FF_AI_Collision_Boom/Content/Developers/ArjunKhara/Collections/' was aborted.
[2017.12.05-22.35.38:698][770]LogDirectoryWatcher: A directory notification for 'C:/Users/Arjun Khara/Documents/Unreal Projects/FF_AI_Collision_Boom/Saved/Collections/' was aborted.
[2017.12.05-22.35.38:698][770]LogModuleManager: Shutting down and abandoning module StatsViewer (536)
[2017.12.05-22.35.38:698][770]LogModuleManager: Shutting down and abandoning module FoliageEdit (534)
[2017.12.05-22.35.38:698][770]LogModuleManager: Shutting down and abandoning module LandscapeEditor (532)
[2017.12.05-22.35.38:698][770]LogModuleManager: Shutting down and abandoning module MeshPaintMode (530)
[2017.12.05-22.35.38:698][770]LogModuleManager: Shutting down and abandoning module SceneDepthPickerMode (528)
[2017.12.05-22.35.38:698][770]LogModuleManager: Shutting down and abandoning module ActorPickerMode (526)
[2017.12.05-22.35.38:698][770]LogModuleManager: Shutting down and abandoning module GeometryMode (524)
[2017.12.05-22.35.38:698][770]LogModuleManager: Shutting down and abandoning module TextureAlignMode (522)
[2017.12.05-22.35.38:698][770]LogModuleManager: Shutting down and abandoning module BspMode (520)
[2017.12.05-22.35.38:698][770]LogModuleManager: Shutting down and abandoning module PIEPreviewDeviceProfileSelector (518)
[2017.12.05-22.35.38:698][770]LogModuleManager: Shutting down and abandoning module HardwareSurvey (516)
[2017.12.05-22.35.38:698][770]LogModuleManager: Shutting down and abandoning module SequenceRecorderSections (514)
[2017.12.05-22.35.38:698][770]LogModuleManager: Shutting down and abandoning module AutomationWorker (512)
[2017.12.05-22.35.38:698][770]LogModuleManager: Shutting down and abandoning module MatineeToLevelSequence (510)
[2017.12.05-22.35.38:698][770]LogModuleManager: Shutting down and abandoning module LevelSequenceEditor (508)
[2017.12.05-22.35.38:698][770]LogModuleManager: Shutting down and abandoning module PlacementMode (507)
[2017.12.05-22.35.38:698][770]LogModuleManager: Shutting down and abandoning module WmfMediaFactory (504)
[2017.12.05-22.35.38:698][770]LogModuleManager: Shutting down and abandoning module WmfMediaEditor (502)
[2017.12.05-22.35.38:698][770]LogModuleManager: Shutting down and abandoning module OpenExrWrapper (500)
[2017.12.05-22.35.38:698][770]LogModuleManager: Shutting down and abandoning module ImgMediaFactory (498)
[2017.12.05-22.35.38:698][770]LogModuleManager: Shutting down and abandoning module ImgMediaEditor (496)
[2017.12.05-22.35.38:698][770]LogModuleManager: Shutting down and abandoning module AvfMediaFactory (494)
[2017.12.05-22.35.38:698][770]LogModuleManager: Shutting down and abandoning module AvfMediaEditor (492)
[2017.12.05-22.35.38:698][770]LogModuleManager: Shutting down and abandoning module AndroidMediaFactory (490)
[2017.12.05-22.35.38:698][770]LogModuleManager: Shutting down and abandoning module AndroidMediaEditor (488)
[2017.12.05-22.35.38:698][770]LogModuleManager: Shutting down and abandoning module CharacterAI (486)
[2017.12.05-22.35.38:698][770]LogModuleManager: Shutting down and abandoning module AudioCapture (484)
[2017.12.05-22.35.38:698][770]LogModuleManager: Shutting down and abandoning module SequenceRecorder (483)
[2017.12.05-22.35.38:698][770]LogModuleManager: Shutting down and abandoning module SmartSnapping (480)
[2017.12.05-22.35.38:698][770]LogModuleManager: Shutting down and abandoning module SessionServices (478)
[2017.12.05-22.35.38:698][770]LogModuleManager: Shutting down and abandoning module ViewportSnapping (476)
[2017.12.05-22.35.38:698][770]LogModuleManager: Shutting down and abandoning module ViewportInteraction (474)
[2017.12.05-22.35.38:698][770]LogModuleManager: Shutting down and abandoning module ClothPainter (472)
[2017.12.05-22.35.38:699][770]LogModuleManager: Shutting down and abandoning module SkeletalMeshEditor (471)
[2017.12.05-22.35.38:699][770]LogModuleManager: Shutting down and abandoning module LogVisualizer (468)
[2017.12.05-22.35.38:699][770]LogModuleManager: Shutting down and abandoning module IntroTutorials (466)
[2017.12.05-22.35.38:699][770]LogModuleManager: Shutting down and abandoning module GameProjectGeneration (465)
[2017.12.05-22.35.38:699][770]LogModuleManager: Shutting down and abandoning module IOSPlatformEditor (462)
[2017.12.05-22.35.38:699][770]LogModuleManager: Shutting down and abandoning module HTML5PlatformEditor (460)
[2017.12.05-22.35.38:699][770]LogModuleManager: Shutting down and abandoning module AndroidPlatformEditor (458)
[2017.12.05-22.35.38:699][770]LogModuleManager: Shutting down and abandoning module AndroidDeviceDetection (457)
[2017.12.05-22.35.39:371][770]LogModuleManager: Shutting down and abandoning module WindowsPlatformEditor (454)
[2017.12.05-22.35.39:371][770]LogModuleManager: Shutting down and abandoning module IOSRuntimeSettings (452)
[2017.12.05-22.35.39:371][770]LogModuleManager: Shutting down and abandoning module AndroidRuntimeSettings (450)
[2017.12.05-22.35.39:371][770]LogModuleManager: Shutting down and abandoning module InputBindingEditor (448)
[2017.12.05-22.35.39:371][770]LogModuleManager: Shutting down and abandoning module MergeActors (446)
[2017.12.05-22.35.39:371][770]LogModuleManager: Shutting down and abandoning module SizeMap (444)
[2017.12.05-22.35.39:371][770]LogModuleManager: Shutting down and abandoning module TreeMap (442)
[2017.12.05-22.35.39:372][770]LogModuleManager: Shutting down and abandoning module ReferenceViewer (440)
[2017.12.05-22.35.39:372][770]LogModuleManager: Shutting down and abandoning module LocalizationDashboard (438)
[2017.12.05-22.35.39:372][770]LogModuleManager: Shutting down and abandoning module LocalizationService (437)
[2017.12.05-22.35.39:372][770]LogModuleManager: Shutting down and abandoning module HardwareTargeting (434)
[2017.12.05-22.35.39:372][770]LogModuleManager: Shutting down and abandoning module DeviceProfileEditor (432)
[2017.12.05-22.35.39:372][770]LogModuleManager: Shutting down and abandoning module UndoHistory (430)
[2017.12.05-22.35.39:372][770]LogModuleManager: Shutting down and abandoning module XmlParser (428)
[2017.12.05-22.35.39:372][770]LogModuleManager: Shutting down and abandoning module Blutility (426)
[2017.12.05-22.35.39:372][770]LogModuleManager: Shutting down and abandoning module ProjectSettingsViewer (424)
[2017.12.05-22.35.39:372][770]LogModuleManager: Shutting down and abandoning module ProjectTargetPlatformEditor (423)
[2017.12.05-22.35.39:373][770]LogModuleManager: Shutting down and abandoning module EditorSettingsViewer (420)
[2017.12.05-22.35.39:373][770]LogModuleManager: Shutting down and abandoning module SettingsEditor (418)
[2017.12.05-22.35.39:373][770]LogModuleManager: Shutting down and abandoning module ProjectLauncher (416)
[2017.12.05-22.35.39:373][770]LogModuleManager: Shutting down and abandoning module SessionFrontend (414)
[2017.12.05-22.35.39:373][770]LogModuleManager: Shutting down and abandoning module ProfilerClient (412)
[2017.12.05-22.35.39:373][770]LogModuleManager: Shutting down and abandoning module DeviceManager (410)
[2017.12.05-22.35.39:373][770]LogModuleManager: Shutting down and abandoning module TargetDeviceServices (409)
[2017.12.05-22.35.39:429][770]LogModuleManager: Shutting down and abandoning module AutomationController (406)
[2017.12.05-22.35.39:429][770]LogModuleManager: Shutting down and abandoning module AutomationWindow (404)
[2017.12.05-22.35.39:429][770]LogModuleManager: Shutting down and abandoning module Layers (402)
[2017.12.05-22.35.39:429][770]LogModuleManager: Shutting down and abandoning module ComponentVisualizers (400)
[2017.12.05-22.35.39:429][770]LogModuleManager: Shutting down and abandoning module DetailCustomizations (398)
[2017.12.05-22.35.39:429][770]LogModuleManager: Shutting down and abandoning module PackagesDialog (396)
[2017.12.05-22.35.39:429][770]LogModuleManager: Shutting down and abandoning module Persona (394)
[2017.12.05-22.35.39:429][770]LogModuleManager: Shutting down and abandoning module AdvancedPreviewScene (393)
[2017.12.05-22.35.39:429][770]LogModuleManager: Shutting down and abandoning module AnimGraph (391)
[2017.12.05-22.35.39:429][770]LogModuleManager: Shutting down and abandoning module Kismet (388)
[2017.12.05-22.35.39:449][770]LogModuleManager: Shutting down and abandoning module ClassViewer (386)
[2017.12.05-22.35.39:449][770]LogModuleManager: Shutting down and abandoning module Toolbox (384)
[2017.12.05-22.35.39:449][770]LogModuleManager: Shutting down and abandoning module ModuleUI (382)
[2017.12.05-22.35.39:449][770]LogModuleManager: Shutting down and abandoning module MovieSceneTools (380)
[2017.12.05-22.35.39:449][770]LogModuleManager: Shutting down and abandoning module OutputLog (378)
[2017.12.05-22.35.39:449][770]LogModuleManager: Shutting down and abandoning module GammaUI (376)
[2017.12.05-22.35.39:449][770]LogModuleManager: Shutting down and abandoning module Documentation (374)
[2017.12.05-22.35.39:449][770]LogModuleManager: Shutting down and abandoning module MovieSceneTracks (372)
[2017.12.05-22.35.39:449][770]LogModuleManager: Shutting down and abandoning module MovieScene (370)
[2017.12.05-22.35.39:449][770]LogModuleManager: Shutting down and abandoning module StreamingPauseRendering (368)
[2017.12.05-22.35.39:449][770]LogModuleManager: Shutting down and abandoning module LauncherPlatform (366)
[2017.12.05-22.35.39:449][770]LogModuleManager: Shutting down and abandoning module AnalyticsET (364)
[2017.12.05-22.35.39:449][770]LogModuleManager: Shutting down and abandoning module PortalServices (362)
[2017.12.05-22.35.39:449][770]LogModuleManager: Shutting down and abandoning module PortalRpc (360)
[2017.12.05-22.35.39:450][770]LogModuleManager: Shutting down and abandoning module MessagingRpc (358)
[2017.12.05-22.35.39:450][770]LogModuleManager: Shutting down and abandoning module AIModule (356)
[2017.12.05-22.35.39:450][770]LogModuleManager: Shutting down and abandoning module GameplayDebugger (355)
[2017.12.05-22.35.39:450][770]LogModuleManager: Shutting down and abandoning module AITestSuite (353)
[2017.12.05-22.35.39:450][770]LogModuleManager: Shutting down and abandoning module DesktopPlatform (350)
[2017.12.05-22.35.39:450][770]LogModuleManager: Shutting down and abandoning module ProfilerService (348)
[2017.12.05-22.35.39:640][770]LogModuleManager: Shutting down and abandoning module TaskGraph (346)
[2017.12.05-22.35.39:640][770]LogModuleManager: Shutting down and abandoning module SteamVRController (344)
[2017.12.05-22.35.39:640][770]LogModuleManager: Shutting down and abandoning module ProceduralMeshComponentEditor (342)
[2017.12.05-22.35.39:640][770]LogModuleManager: Shutting down and abandoning module ProceduralMeshComponent (340)
[2017.12.05-22.35.39:640][770]LogModuleManager: Shutting down and abandoning module OculusInput (338)
[2017.12.05-22.35.39:640][770]LogModuleManager: Shutting down and abandoning module MobilePatchingUtils (336)
[2017.12.05-22.35.39:640][770]LogModuleManager: Shutting down and abandoning module CustomMeshComponent (334)
[2017.12.05-22.35.39:640][770]LogModuleManager: Shutting down and abandoning module CableComponent (332)
[2017.12.05-22.35.39:641][770]LogModuleManager: Shutting down and abandoning module ArchVisCharacter (330)
[2017.12.05-22.35.39:641][770]LogModuleManager: Shutting down and abandoning module AndroidPermission (328)
[2017.12.05-22.35.39:641][770]LogModuleManager: Shutting down and abandoning module ActorSequence (324)
[2017.12.05-22.35.39:641][770]LogModuleManager: Shutting down and abandoning module MediaPlayerEditor (322)
[2017.12.05-22.35.39:641][770]LogModuleManager: Shutting down and abandoning module MediaCompositingEditor (320)
[2017.12.05-22.35.39:641][770]LogModuleManager: Shutting down and abandoning module MediaCompositing (318)
[2017.12.05-22.35.39:641][770]LogModuleManager: Shutting down and abandoning module HTML5Networking (316)
[2017.12.05-22.35.39:641][770]LogModuleManager: Shutting down and abandoning module AlembicImporter (314)
[2017.12.05-22.35.39:641][770]LogModuleManager: Shutting down and abandoning module AlembicLibrary (313)
[2017.12.05-22.35.39:641][770]LogModuleManager: Shutting down and abandoning module GeometryCache (312)
[2017.12.05-22.35.39:641][770]LogModuleManager: Shutting down and abandoning module GeometryCacheEd (311)
[2017.12.05-22.35.39:641][770]LogModuleManager: Shutting down and abandoning module SpeedTreeImporter (306)
[2017.12.05-22.35.39:641][770]LogModuleManager: Shutting down and abandoning module PluginBrowser (304)
[2017.12.05-22.35.39:642][770]LogModuleManager: Shutting down and abandoning module MobileLauncherProfileWizard (302)
[2017.12.05-22.35.39:642][770]LogModuleManager: Shutting down and abandoning module VisualStudioSourceCodeAccess (300)
[2017.12.05-22.35.39:642][770]LogModuleManager: Shutting down and abandoning module VisualStudioCodeSourceCodeAccess (298)
[2017.12.05-22.35.39:642][770]LogModuleManager: Shutting down and abandoning module UObjectPlugin (296)
[2017.12.05-22.35.39:642][770]LogModuleManager: Shutting down and abandoning module SubversionSourceControl (294)
[2017.12.05-22.35.39:642][770]LogModuleManager: Shutting down and abandoning module PerforceSourceControl (292)
[2017.12.05-22.35.39:642][770]LogModuleManager: Shutting down and abandoning module GitSourceControl (290)
[2017.12.05-22.35.39:642][770]LogModuleManager: Shutting down and abandoning module SourceControl (289)
[2017.12.05-22.35.39:642][770]LogModuleManager: Shutting down and abandoning module LightPropagationVolumeEditor (286)
[2017.12.05-22.35.39:642][770]LogModuleManager: Shutting down and abandoning module PaperTiledImporter (284)
[2017.12.05-22.35.39:642][770]LogModuleManager: Shutting down and abandoning module PaperSpriteSheetImporter (282)
[2017.12.05-22.35.39:642][770]LogModuleManager: Shutting down and abandoning module Paper2DEditor (280)
[2017.12.05-22.35.39:642][770]LogModuleManager: Shutting down and abandoning module MeshPaint (279)
[2017.12.05-22.35.39:643][770]LogModuleManager: Shutting down and abandoning module LevelEditor (277)
[2017.12.05-22.35.39:645][770]LogModuleManager: Shutting down and abandoning module PixelInspectorModule (276)
[2017.12.05-22.35.39:645][770]LogModuleManager: Shutting down and abandoning module MainFrame (274)
[2017.12.05-22.35.39:645][770]LogModuleManager: Shutting down and abandoning module HotReload (273)
[2017.12.05-22.35.39:646][770]LogModuleManager: Shutting down and abandoning module RuntimePhysXCooking (268)
[2017.12.05-22.35.39:646][770]LogModuleManager: Shutting down and abandoning module PhysXVehiclesEditor (266)
[2017.12.05-22.35.39:647][770]LogModuleManager: Shutting down and abandoning module PhysXVehicles (264)
[2017.12.05-22.35.39:647][770]LogModuleManager: Shutting down and abandoning module OculusEditor (262)
[2017.12.05-22.35.39:647][770]LogModuleManager: Shutting down and abandoning module LocationServicesBPLibrary (260)
[2017.12.05-22.35.39:647][770]LogModuleManager: Shutting down and abandoning module ImmediatePhysicsEditor (258)
[2017.12.05-22.35.39:647][770]LogModuleManager: Shutting down and abandoning module ImmediatePhysics (256)
[2017.12.05-22.35.39:647][770]LogModuleManager: Shutting down and abandoning module UdpMessaging (254)
[2017.12.05-22.35.39:748][770]LogModuleManager: Shutting down and abandoning module TcpMessaging (252)
[2017.12.05-22.35.39:849][770]LogModuleManager: Shutting down and abandoning module GameplayTagsEditor (250)
[2017.12.05-22.35.39:849][770]LogModuleManager: Shutting down and abandoning module FacialAnimationEditor (248)
[2017.12.05-22.35.39:849][770]LogModuleManager: Shutting down and abandoning module FacialAnimation (246)
[2017.12.05-22.35.39:849][770]LogModuleManager: Shutting down and abandoning module AssetManagerEditor (244)
[2017.12.05-22.35.39:849][770]LogModuleManager: Shutting down and abandoning module GraphEditor (243)
[2017.12.05-22.35.39:849][770]LogModuleManager: Shutting down and abandoning module ContentBrowser (241)
[2017.12.05-22.35.39:850][770]LogModuleManager: Shutting down and abandoning module LightPropagationVolumeRuntime (238)
[2017.12.05-22.35.39:850][770]LogModuleManager: Shutting down and abandoning module Paper2D (236)
[2017.12.05-22.35.39:850][770]LogModuleManager: Shutting down and abandoning module WindowsMoviePlayer (234)
[2017.12.05-22.35.39:850][770]LogModuleManager: Shutting down and abandoning module WmfMedia (232)
[2017.12.05-22.35.39:852][770]LogModuleManager: Shutting down and abandoning module ImgMedia (230)
[2017.12.05-22.35.39:852][770]LogModuleManager: Shutting down and abandoning module PacketHandler (228)
[2017.12.05-22.35.39:852][770]LogModuleManager: Shutting down and abandoning module ClothingSystemEditor (226)
[2017.12.05-22.35.39:852][770]LogModuleManager: Shutting down and abandoning module ClothingSystemRuntime (224)
[2017.12.05-22.35.39:853][770]LogModuleManager: Shutting down and abandoning module MediaAssets (222)
[2017.12.05-22.35.39:853][770]LogModuleManager: Shutting down and abandoning module Media (221)
[2017.12.05-22.35.39:860][770]LogModuleManager: Shutting down and abandoning module Overlay (218)
[2017.12.05-22.35.39:860][770]LogModuleManager: Shutting down and abandoning module OverlayEditor (217)
[2017.12.05-22.35.39:860][770]LogModuleManager: Shutting down and abandoning module VREditor (214)
[2017.12.05-22.35.39:860][770]LogModuleManager: Shutting down and abandoning module StringTableEditor (212)
[2017.12.05-22.35.39:860][770]LogModuleManager: Shutting down and abandoning module GameplayTasksEditor (210)
[2017.12.05-22.35.39:860][770]LogModuleManager: Shutting down and abandoning module BehaviorTreeEditor (208)
[2017.12.05-22.35.39:860][770]LogModuleManager: Shutting down and abandoning module FunctionalTesting (206)
[2017.12.05-22.35.39:860][770]LogModuleManager: Shutting down and abandoning module CollisionAnalyzer (204)
[2017.12.05-22.35.39:860][770]LogModuleManager: Shutting down and abandoning module WorkspaceMenuStructure (203)
[2017.12.05-22.35.39:860][770]LogModuleManager: Shutting down and abandoning module UMG (200)
[2017.12.05-22.35.39:860][770]LogModuleManager: Shutting down and abandoning module UMGEditor (199)
[2017.12.05-22.35.39:860][770]LogModuleManager: Shutting down and abandoning module Sequencer (198)
[2017.12.05-22.35.39:860][770]LogModuleManager: Shutting down and abandoning module MessageLog (195)
[2017.12.05-22.35.39:860][770]LogModuleManager: Shutting down and abandoning module SlateReflector (190)
[2017.12.05-22.35.39:861][770]LogModuleManager: Shutting down and abandoning module Slate (188)
[2017.12.05-22.35.39:861][770]LogModuleManager: Shutting down and abandoning module EditorStyle (186)
[2017.12.05-22.35.39:865][770]LogModuleManager: Shutting down and abandoning module MRMesh (184)
[2017.12.05-22.35.39:865][770]LogModuleManager: Shutting down and abandoning module SourceCodeAccess (182)
[2017.12.05-22.35.39:865][770]LogModuleManager: Shutting down and abandoning module HeadMountedDisplay (180)
[2017.12.05-22.35.39:865][770]LogModuleManager: Shutting down and abandoning module XAudio2 (178)
[2017.12.05-22.35.39:865][770]LogModuleManager: Shutting down and abandoning module Networking (176)
[2017.12.05-22.35.39:865][770]LogModuleManager: Shutting down and abandoning module Core (172)
[2017.12.05-22.35.39:865][770]LogModuleManager: Shutting down and abandoning module LevelSequence (168)
[2017.12.05-22.35.39:865][770]LogModuleManager: Shutting down and abandoning module DirectoryWatcher (166)
[2017.12.05-22.35.39:866][770]LogModuleManager: Shutting down and abandoning module KismetCompiler (164)
[2017.12.05-22.35.39:866][770]LogModuleManager: Shutting down and abandoning module MeshUtilities (162)
[2017.12.05-22.35.39:866][770]LogModuleManager: Shutting down and abandoning module MeshMergeUtilities (161)
[2017.12.05-22.35.39:866][770]LogModuleManager: Shutting down and abandoning module MeshReductionInterface (160)
[2017.12.05-22.35.39:866][770]LogModuleManager: Shutting down and abandoning module SimplygonSwarm (159)
[2017.12.05-22.35.39:866][770]LogModuleManager: Shutting down and abandoning module SimplygonMeshReduction (157)
[2017.12.05-22.35.39:866][770]LogModuleManager: Shutting down and abandoning module QuadricMeshReduction (155)
[2017.12.05-22.35.39:866][770]LogModuleManager: Shutting down and abandoning module MaterialBaking (151)
[2017.12.05-22.35.39:866][770]LogModuleManager: Shutting down and abandoning module DerivedDataCache (148)
[2017.12.05-22.35.39:959][770]LogDerivedDataCache: Shutdown
[2017.12.05-22.35.39:959][770]LogModuleManager: Shutting down and abandoning module TargetPlatform (146)
[2017.12.05-22.35.39:959][770]LogModuleManager: Shutting down and abandoning module VulkanShaderFormat (145)
[2017.12.05-22.35.39:959][770]LogModuleManager: Shutting down and abandoning module ShaderFormatVectorVM (143)
[2017.12.05-22.35.39:959][770]LogModuleManager: Shutting down and abandoning module ShaderFormatOpenGL (141)
[2017.12.05-22.35.39:959][770]LogModuleManager: Shutting down and abandoning module ShaderFormatD3D (139)
[2017.12.05-22.35.39:959][770]LogModuleManager: Shutting down and abandoning module MetalShaderFormat (137)
[2017.12.05-22.35.39:959][770]LogModuleManager: Shutting down and abandoning module TextureFormatUncompressed (135)
[2017.12.05-22.35.39:960][770]LogModuleManager: Shutting down and abandoning module TextureFormatPVR (133)
[2017.12.05-22.35.39:960][770]LogModuleManager: Shutting down and abandoning module TextureFormatDXT (131)
[2017.12.05-22.35.39:960][770]LogModuleManager: Shutting down and abandoning module TextureFormatIntelISPCTexComp (129)
[2017.12.05-22.35.39:960][770]LogModuleManager: Shutting down and abandoning module TextureFormatASTC (127)
[2017.12.05-22.35.39:960][770]LogModuleManager: Shutting down and abandoning module ImageWrapper (126)
[2017.12.05-22.35.39:960][770]LogModuleManager: Shutting down and abandoning module TextureFormatAndroid (123)
[2017.12.05-22.35.39:960][770]LogModuleManager: Shutting down and abandoning module AudioFormatOpus (121)
[2017.12.05-22.35.39:960][770]LogModuleManager: Shutting down and abandoning module AudioFormatOgg (119)
[2017.12.05-22.35.39:960][770]LogModuleManager: Shutting down and abandoning module AudioFormatADPCM (117)
[2017.12.05-22.35.39:960][770]LogModuleManager: Shutting down and abandoning module LinuxTargetPlatform (115)
[2017.12.05-22.35.39:960][770]LogModuleManager: Shutting down and abandoning module LinuxServerTargetPlatform (113)
[2017.12.05-22.35.39:960][770]LogModuleManager: Shutting down and abandoning module LinuxNoEditorTargetPlatform (111)
[2017.12.05-22.35.39:960][770]LogModuleManager: Shutting down and abandoning module LinuxClientTargetPlatform (109)
[2017.12.05-22.35.39:960][770]LogModuleManager: Shutting down and abandoning module TVOSTargetPlatform (107)
[2017.12.05-22.35.39:960][770]LogModuleManager: Shutting down and abandoning module Messaging (105)
[2017.12.05-22.35.39:960][770]LogModuleManager: Shutting down and abandoning module IOSTargetPlatform (103)
[2017.12.05-22.35.39:960][770]LogModuleManager: Shutting down and abandoning module HTML5TargetPlatform (101)
[2017.12.05-22.35.39:961][770]LogModuleManager: Shutting down and abandoning module AndroidTargetPlatform (99)
[2017.12.05-22.35.39:961][770]LogModuleManager: Shutting down and abandoning module Android_PVRTCTargetPlatform (97)
[2017.12.05-22.35.39:961][770]LogModuleManager: Shutting down and abandoning module Android_MultiTargetPlatform (95)
[2017.12.05-22.35.39:961][770]LogModuleManager: Shutting down and abandoning module Android_ETC2TargetPlatform (93)
[2017.12.05-22.35.39:961][770]LogModuleManager: Shutting down and abandoning module Android_ETC1TargetPlatform (91)
[2017.12.05-22.35.39:961][770]LogModuleManager: Shutting down and abandoning module Android_DXTTargetPlatform (89)
[2017.12.05-22.35.39:961][770]LogModuleManager: Shutting down and abandoning module Android_ATCTargetPlatform (87)
[2017.12.05-22.35.39:961][770]LogModuleManager: Shutting down and abandoning module Android_ASTCTargetPlatform (85)
[2017.12.05-22.35.39:961][770]LogModuleManager: Shutting down and abandoning module WindowsTargetPlatform (83)
[2017.12.05-22.35.39:961][770]LogModuleManager: Shutting down and abandoning module WindowsServerTargetPlatform (81)
[2017.12.05-22.35.39:961][770]LogModuleManager: Shutting down and abandoning module WindowsNoEditorTargetPlatform (79)
[2017.12.05-22.35.39:961][770]LogModuleManager: Shutting down and abandoning module WindowsClientTargetPlatform (77)
[2017.12.05-22.35.39:961][770]LogModuleManager: Shutting down and abandoning module MacTargetPlatform (75)
[2017.12.05-22.35.39:961][770]LogModuleManager: Shutting down and abandoning module MacServerTargetPlatform (73)
[2017.12.05-22.35.39:961][770]LogModuleManager: Shutting down and abandoning module MacNoEditorTargetPlatform (71)
[2017.12.05-22.35.39:961][770]LogModuleManager: Shutting down and abandoning module MacClientTargetPlatform (69)
[2017.12.05-22.35.39:961][770]LogModuleManager: Shutting down and abandoning module AllDesktopTargetPlatform (67)
[2017.12.05-22.35.39:961][770]LogModuleManager: Shutting down and abandoning module InputCore (64)
[2017.12.05-22.35.39:961][770]LogModuleManager: Shutting down and abandoning module Settings (62)
[2017.12.05-22.35.39:962][770]LogModuleManager: Shutting down and abandoning module PhysXCooking (60)
[2017.12.05-22.35.39:962][770]LogModuleManager: Shutting down and abandoning module SteamVR (58)
[2017.12.05-22.35.39:962][770]LogModuleManager: Shutting down and abandoning module OculusHMD (56)
[2017.12.05-22.35.39:962][770]LogModuleManager: Shutting down and abandoning module ExampleDeviceProfileSelector (54)
[2017.12.05-22.35.39:962][770]LogModuleManager: Shutting down and abandoning module AppleARKit (52)
[2017.12.05-22.35.39:962][770]LogModuleManager: Shutting down and abandoning module AugmentedReality (51)
[2017.12.05-22.35.39:962][770]LogModuleManager: Shutting down and abandoning module OnlineBlueprintSupport (48)
[2017.12.05-22.35.39:962][770]LogModuleManager: Shutting down and abandoning module OnlineSubsystem (44)
[2017.12.05-22.35.39:962][770]LogModuleManager: Shutting down and abandoning module XMPP (43)
[2017.12.05-22.35.39:962][770]LogModuleManager: Shutting down and abandoning module HTTP (41)
[2017.12.05-22.35.39:962][770]LogHttp: Display: Http module shutting down, but needs to wait on 1 outstanding Http requests:
[2017.12.05-22.35.39:962][770]LogHttp: Display: 	verb=[POST] url=[https://datarouter.ol.epicgames.com/datarouter/api/v1/public/data?SessionID=%7BA3020FEC-48A9-1BEA-EDCB-D48EC39CB173%7D&AppID=UEEditor.Rocket.Release&AppVersion=4.18.1-3754814%2B%2B%2BUE4%2BRelease-4.18&UserID=60b2aad244ef2f1b7993e49e8f66f7a1%7C3505377665d04821bd10bbccbf1da2d4%7C946a2fce-ec6e-4002-8158-36014cc7f8d6&AppEnvironment=datacollector-binary&UploadType=eteventstream] status=Processing
[2017.12.05-22.35.39:978][770]LogModuleManager: Shutting down and abandoning module SSL (40)
[2017.12.05-22.35.39:981][770]LogModuleManager: Shutting down and abandoning module AnimationModifiers (36)
[2017.12.05-22.35.39:981][770]LogModuleManager: Shutting down and abandoning module PropertyEditor (35)
[2017.12.05-22.35.39:981][770]LogModuleManager: Shutting down and abandoning module AudioEditor (32)
[2017.12.05-22.35.39:981][770]LogModuleManager: Shutting down and abandoning module TextureCompressor (30)
[2017.12.05-22.35.39:982][770]LogModuleManager: Shutting down and abandoning module ShaderCore (28)
[2017.12.05-22.35.39:982][770]LogModuleManager: Shutting down and abandoning module Landscape (26)
[2017.12.05-22.35.39:982][770]LogModuleManager: Shutting down and abandoning module SlateRHIRenderer (24)
[2017.12.05-22.35.39:984][770]LogModuleManager: Shutting down and abandoning module OpenGLDrv (22)
[2017.12.05-22.35.39:984][770]LogModuleManager: Shutting down and abandoning module D3D11RHI (20)
[2017.12.05-22.35.39:984][770]LogModuleManager: Shutting down and abandoning module AnimGraphRuntime (18)
[2017.12.05-22.35.39:984][770]LogModuleManager: Shutting down and abandoning module Renderer (16)
[2017.12.05-22.35.39:984][770]LogModuleManager: Shutting down and abandoning module Engine (14)
[2017.12.05-22.35.39:984][770]LogModuleManager: Shutting down and abandoning module CoreUObject (12)
[2017.12.05-22.35.39:984][770]LogModuleManager: Shutting down and abandoning module NetworkFile (10)
[2017.12.05-22.35.39:984][770]LogModuleManager: Shutting down and abandoning module CookedIterativeFile (8)
[2017.12.05-22.35.39:985][770]LogModuleManager: Shutting down and abandoning module StreamingFile (6)
[2017.12.05-22.35.39:985][770]LogModuleManager: Shutting down and abandoning module SandboxFile (4)
[2017.12.05-22.35.39:985][770]LogModuleManager: Shutting down and abandoning module PakFile (2)
[2017.12.05-22.35.39:995][770]LogExit: Exiting.
[2017.12.05-22.35.40:023][770]Log file closed, 12/05/17 22:35:40
